<?xml version="1.0" encoding="UTF-8"?>
<!-- Generated by org.testng.reporters.JUnitXMLReporter -->
<testsuite hostname="D572R1G2" ignored="0" name="Default test" tests="9" failures="0" timestamp="19 Mar 2019 20:42:14 GMT" time="2440.428" errors="0">
  <testcase name="RunRates_HO3" time="270.583" classname="Automation.IAQ.Testing.Rates.KS.Rates_HO3"/>
  <testcase name="RunRates_HO3" time="272.095" classname="Automation.IAQ.Testing.Rates.KS.Rates_HO3"/>
  <testcase name="RunRates_HO3" time="276.449" classname="Automation.IAQ.Testing.Rates.KS.Rates_HO3"/>
  <testcase name="RunRates_HO3" time="259.657" classname="Automation.IAQ.Testing.Rates.KS.Rates_HO3"/>
  <testcase name="RunRates_HO3" time="267.364" classname="Automation.IAQ.Testing.Rates.KS.Rates_HO3"/>
  <testcase name="RunRates_HO3" time="274.381" classname="Automation.IAQ.Testing.Rates.KS.Rates_HO3"/>
  <testcase name="RunRates_HO3" time="269.443" classname="Automation.IAQ.Testing.Rates.KS.Rates_HO3"/>
  <testcase name="RunRates_HO3" time="256.377" classname="Automation.IAQ.Testing.Rates.KS.Rates_HO3"/>
  <testcase name="RunRates_HO3" time="281.769" classname="Automation.IAQ.Testing.Rates.KS.Rates_HO3"/>
</testsuite> <!-- Default test -->
