<?xml version="1.0" encoding="UTF-8"?>
<testng-results skipped="0" failed="0" ignored="0" total="9" passed="9">
  <reporter-output>
    <line>
      <![CDATA[====================================== Starting Rates_HO3 Batch ======================================]]>
    </line>
    <line>
      <![CDATA[========================= Starting Case27 =========================]]>
    </line>
    <line>
      <![CDATA[Creating object of Chrome]]>
    </line>
    <line>
      <![CDATA[Chrome object created]]>
    </line>
    <line>
      <![CDATA[Driver has moved to the main tab]]>
    </line>
    <line>
      <![CDATA[Navigating to https://62.qa.foragentsonly.com/login/]]>
    </line>
    <line>
      <![CDATA[Entered PGR AgentID: 53134 into FAO Login]]>
    </line>
    <line>
      <![CDATA[Entered password into FAO Login]]>
    </line>
    <line>
      <![CDATA[Logged into FAO]]>
    </line>
    <line>
      <![CDATA[Logged in as AgentID: 53134]]>
    </line>
    <line>
      <![CDATA[Entered State: KS]]>
    </line>
    <line>
      <![CDATA[Clicked the "Select Product(s)" button on the FAO Home page]]>
    </line>
    <line>
      <![CDATA[HO3 selected as PlanID]]>
    </line>
    <line>
      <![CDATA[Clicked the "Start Quote" button on the FAO page]]>
    </line>
    <line>
      <![CDATA[Driver has moved to tab 1]]>
    </line>
    <line>
      <![CDATA[ASI Agent Code Prefilled with : 446466]]>
    </line>
    <line>
      <![CDATA[Entered First Name: KSHO3Case27]]>
    </line>
    <line>
      <![CDATA[Entered Last Name: StagingRoundOne]]>
    </line>
    <line>
      <![CDATA[Entered Date of Birth: 01011934]]>
    </line>
    <line>
      <![CDATA[Entered Gender: Male]]>
    </line>
    <line>
      <![CDATA[Entered Mailing Address Line 1: 14613 W 152ND ST]]>
    </line>
    <line>
      <![CDATA[No value for Mailing Address Line 2]]>
    </line>
    <line>
      <![CDATA[Entered City: OLATHE]]>
    </line>
    <line>
      <![CDATA[Entered ZIP Code: 66062]]>
    </line>
    <line>
      <![CDATA[Entered "How long has the insured lived at their current address?": 1 year or more]]>
    </line>
    <line>
      <![CDATA[Entered "Was the above disclosure read or provided to the consumer?": Yes]]>
    </line>
    <line>
      <![CDATA[Clicked the "Products ->" button on the Named Insured page]]>
    </line>
    <line>
      <![CDATA[Entered Policy Effective Date: 04152019]]>
    </line>
    <line>
      <![CDATA[Clicked NO on the "Is this risk for a home closing?" radio button on the Products page]]>
    </line>
    <line>
      <![CDATA[Entered Residence Type: Single Family]]>
    </line>
    <line>
      <![CDATA["I have verified that NONE of these conditions exist" check boxes marked]]>
    </line>
    <line>
      <![CDATA[Clicked the "CONTINUE TO QUOTE TYPE" button on the Products page]]>
    </line>
    <line>
      <![CDATA[Entered Begin with Dwelling Coverage: 200000]]>
    </line>
    <line>
      <![CDATA[Clicked the "FULL QUOTE" button on the Products page]]>
    </line>
    <line>
      <![CDATA[Entered Purchase Date: 03192019]]>
    </line>
    <line>
      <![CDATA[Entered Year Home Built: 2012]]>
    </line>
    <line>
      <![CDATA["Is a fire hydrant within 1000 feet" field is not currently displayed]]>
    </line>
    <line>
      <![CDATA[Entered Type of Construction: Frame]]>
    </line>
    <line>
      <![CDATA[Entered Exterior Walls: Concrete Block]]>
    </line>
    <line>
      <![CDATA[Entered Number of Stories: 1 Story / Ranch]]>
    </line>
    <line>
      <![CDATA[Entered Year Roof Installed: 2012]]>
    </line>
    <line>
      <![CDATA[Entered Roof Design: Gable]]>
    </line>
    <line>
      <![CDATA[Entered Roof Material: Other]]>
    </line>
    <line>
      <![CDATA[Q38811129]]>
    </line>
    <line>
      <![CDATA[Purchase Date already entered: 03/19/2019]]>
    </line>
    <line>
      <![CDATA[Year Home Built already entered: 2012]]>
    </line>
    <line>
      <![CDATA[Type of Construction already entered: Frame]]>
    </line>
    <line>
      <![CDATA[Exterior Walls already entered: Concrete Block]]>
    </line>
    <line>
      <![CDATA[Number of Stories already entered: 1 Story / Ranch]]>
    </line>
    <line>
      <![CDATA[Year Roof Installed already entered: 2012]]>
    </line>
    <line>
      <![CDATA[Roof Design already entered: Gable]]>
    </line>
    <line>
      <![CDATA[Roof Material already entered: Other]]>
    </line>
    <line>
      <![CDATA[Saved Quote]]>
    </line>
    <line>
      <![CDATA[Driver has moved to the main tab]]>
    </line>
    <line>
      <![CDATA[Navigating to https://uat-policy.americanstrategic.com/Policy/Lookup.aspx]]>
    </line>
    <line>
      <![CDATA[Entered username into Agent Login]]>
    </line>
    <line>
      <![CDATA[Entered password into Agent Login]]>
    </line>
    <line>
      <![CDATA[Logged into Agent Portal]]>
    </line>
    <line>
      <![CDATA[Entered Quote / Policy #: Q38811129]]>
    </line>
    <line>
      <![CDATA[Clicked the "Lookup Quote/Policy" button on the Rating and Policy Lookup page]]>
    </line>
    <line>
      <![CDATA[Clicked the "Next" button on the Plan and Residence Type page]]>
    </line>
    <line>
      <![CDATA[Entered Occupation: Other]]>
    </line>
    <line>
      <![CDATA[Entered Protection Class: 9]]>
    </line>
    <line>
      <![CDATA["Dwelling Coverage" override check box marked]]>
    </line>
    <line>
      <![CDATA["General Underwriting" override check box marked]]>
    </line>
    <line>
      <![CDATA["Social Security" override check box marked]]>
    </line>
    <line>
      <![CDATA["Water Damage Exclusion" override check box marked]]>
    </line>
    <line>
      <![CDATA["Animal Liability" override check box marked]]>
    </line>
    <line>
      <![CDATA["Purchase Price" override check box marked]]>
    </line>
    <line>
      <![CDATA["Short Sale or Foreclosure" override check box marked]]>
    </line>
    <line>
      <![CDATA["Eligibility Referral" override check box marked]]>
    </line>
    <line>
      <![CDATA["Flood Zone" override check box marked]]>
    </line>
    <line>
      <![CDATA["Geo Location" override check box marked]]>
    </line>
    <line>
      <![CDATA["Address" override check box marked]]>
    </line>
    <line>
      <![CDATA["Closed Zip Code" override check box marked]]>
    </line>
    <line>
      <![CDATA["Remove Lead Liability Exclusion" override check box marked]]>
    </line>
    <line>
      <![CDATA["HomeShield Package" override check box marked]]>
    </line>
    <line>
      <![CDATA["Functional Replacement Cost" override check box marked]]>
    </line>
    <line>
      <![CDATA["Updated Home Discount" override check box marked]]>
    </line>
    <line>
      <![CDATA["Previous Claims" override check box marked]]>
    </line>
    <line>
      <![CDATA["Flat Roof" override check box marked]]>
    </line>
    <line>
      <![CDATA["Address Standardization" override check box marked]]>
    </line>
    <line>
      <![CDATA["CLUE" override check box marked]]>
    </line>
    <line>
      <![CDATA["Age of Dwelling" override check box marked]]>
    </line>
    <line>
      <![CDATA["Loss Assessment" override check box marked]]>
    </line>
    <line>
      <![CDATA["HomeShield Plus Package" override check box marked]]>
    </line>
    <line>
      <![CDATA["Prior Liability Limit" override check box marked]]>
    </line>
    <line>
      <![CDATA["Scheduled Personal Property" override check box marked]]>
    </line>
    <line>
      <![CDATA[Entered Notes (FOR OVERRIDE PURPOSE ONLY): Rates Testing]]>
    </line>
    <line>
      <![CDATA[Entered Credit Score (Override): 780]]>
    </line>
    <line>
      <![CDATA[Entered ASI Claim Surcharge (Override): 0]]>
    </line>
    <line>
      <![CDATA[Entered Claim Count (Override): 9 or more]]>
    </line>
    <line>
      <![CDATA[All overrides have been applied]]>
    </line>
    <line>
      <![CDATA[Clicked the "Save" button on the Policy Rating 1 page]]>
    </line>
    <line>
      <![CDATA[Case27-Q38811129: Overrides were able to be saved]]>
    </line>
    <line>
      <![CDATA[Navigating to https://62.qa.foragentsonly.com/login/]]>
    </line>
    <line>
      <![CDATA[Clicked the "Existing Quote" button on the FAO Home page]]>
    </line>
    <line>
      <![CDATA[Entered Last Name: StagingRoundOne]]>
    </line>
    <line>
      <![CDATA[Entered First Name: KSHO3Case27]]>
    </line>
    <line>
      <![CDATA[Entered Start Effective Date: 04152019]]>
    </line>
    <line>
      <![CDATA[Entered End Effective Date: 04152019]]>
    </line>
    <line>
      <![CDATA[Clicked the "START" button on the FAO Home page]]>
    </line>
    <line>
      <![CDATA[Clicked the appropriate quote: StagingRoundOne, KSHO3Case27 on the Quote Screen]]>
    </line>
    <line>
      <![CDATA[Driver has moved to tab 1]]>
    </line>
    <line>
      <![CDATA[Clicked the "Products ->" button on the Named Insured page]]>
    </line>
    <line>
      <![CDATA[Entered Begin with Dwelling Coverage: 566000]]>
    </line>
    <line>
      <![CDATA[Protection Class Prefilled with: 9]]>
    </line>
    <line>
      <![CDATA[Entered Year Roof Installed: 2012]]>
    </line>
    <line>
      <![CDATA[Entered Roof Design: Gable]]>
    </line>
    <line>
      <![CDATA[Entered Living Area (Square Feet): 2000]]>
    </line>
    <line>
      <![CDATA[Entered Garage: None]]>
    </line>
    <line>
      <![CDATA[Entered Substructure: Pilings 8-12 ft Elevation]]>
    </line>
    <line>
      <![CDATA[Entered Bathroom Grade: Builder's Grade]]>
    </line>
    <line>
      <![CDATA[Entered Number of Full Baths: 2]]>
    </line>
    <line>
      <![CDATA[Entered Number of 1/2 Baths: 0]]>
    </line>
    <line>
      <![CDATA[Entered Kitchen Grade: Builder's Grade]]>
    </line>
    <line>
      <![CDATA[Entered Cooling/Air: Central Air Conditioning]]>
    </line>
    <line>
      <![CDATA[Entered Permanent Heat Source: Electric]]>
    </line>
    <line>
      <![CDATA[Entered Deck: None]]>
    </line>
    <line>
      <![CDATA[Clicked the "Household Members ->" button on the Products page]]>
    </line>
    <line>
      <![CDATA[Entered Social Security Number: 111001111]]>
    </line>
    <line>
      <![CDATA[Entered Marital Status: Widowed]]>
    </line>
    <line>
      <![CDATA[Clicked the "Additional Details ->" button on the Household Members page]]>
    </line>
    <line>
      <![CDATA[Entered Prior Liability Limit: No Prior Liability Limit]]>
    </line>
    <line>
      <![CDATA[Entered Reported claims excluding wind, hail, or lightning in the past 3 years: 2 or More]]>
    </line>
    <line>
      <![CDATA[Entered Number of children in household under 18: 2]]>
    </line>
    <line>
      <![CDATA[Entered Occupancy: Secondary/Seasonal Residence]]>
    </line>
    <line>
      <![CDATA[Entered Woodburning Stove: Yes]]>
    </line>
    <line>
      <![CDATA[Entered E-Signature: No]]>
    </line>
    <line>
      <![CDATA[Entered ACV Loss Settlement-Wind/Hail Losses to Roof: Replacement Cost]]>
    </line>
    <line>
      <![CDATA[Entered Do any residents smoke?: Yes]]>
    </line>
    <line>
      <![CDATA[Entered Does Insured have an Umbrella Policy?: Yes]]>
    </line>
    <line>
      <![CDATA[Entered Package Policy: Progressive Auto 250/500]]>
    </line>
    <line>
      <![CDATA[Entered Secured Subdivision: No]]>
    </line>
    <line>
      <![CDATA[Entered Burglar Protection: Motion Detecting Camera]]>
    </line>
    <line>
      <![CDATA[Entered Fire Protection: Rep to Central Station with Data Sharing]]>
    </line>
    <line>
      <![CDATA[Entered Water Leak Protection: Water Leak Sensors with Data Sharing]]>
    </line>
    <line>
      <![CDATA[Entered Apply Paperless and accept documents and bills delivered through e-mail?: No]]>
    </line>
    <line>
      <![CDATA[Clicked the "Coverage/Bill Plans ->" button on the Additional Details page]]>
    </line>
    <line>
      <![CDATA["HomeShield" check box marked]]>
    </line>
    <line>
      <![CDATA[Entered Other Structures: 2% Cov A (Included)]]>
    </line>
    <line>
      <![CDATA[Personal Property Prefilled with: 50% Cov A (Included). This is included with the HomeShield package]]>
    </line>
    <line>
      <![CDATA[Loss of Use Prefilled with: 10% Cov A]]>
    </line>
    <line>
      <![CDATA[Entered All Other Perils: $2,500]]>
    </line>
    <line>
      <![CDATA[Entered Wind/Hail Deductible: 5% Cov A]]>
    </line>
    <line>
      <![CDATA[Entered Earthquake Coverage: Yes]]>
    </line>
    <line>
      <![CDATA[Entered Earthquake Deductible: 20% Cov A]]>
    </line>
    <line>
      <![CDATA[Entered Personal Liability: $300,000]]>
    </line>
    <line>
      <![CDATA[Entered Medical Payments Limit: $5,000]]>
    </line>
    <line>
      <![CDATA[Entered Golf Cart Physical Damage & Liability: $50,000 - 2 Carts]]>
    </line>
    <line>
      <![CDATA[Increase Jewelry, Watches & Furs Prefilled with: $3,000. This is included with the HomeShield package]]>
    </line>
    <line>
      <![CDATA[Increased Replacement Cost on Dwelling Prefilled with: 25% Cov A. This is included with the HomeShield package]]>
    </line>
    <line>
      <![CDATA[Entered Animal Buyback: None]]>
    </line>
    <line>
      <![CDATA[Entered Home Computer Coverage: 14000]]>
    </line>
    <line>
      <![CDATA[Loss Assessment Prefilled with: $2,500. This is included with the HomeShield package]]>
    </line>
    <line>
      <![CDATA[Entered Ordinance or Law: 25%]]>
    </line>
    <line>
      <![CDATA[Entered Additional Water Backup - Basement: None]]>
    </line>
    <line>
      <![CDATA[Limited Water Damage is not enabled]]>
    </line>
    <line>
      <![CDATA[Personal Injury is included]]>
    </line>
    <line>
      <![CDATA[Personal Property Replacement Cost is included]]>
    </line>
    <line>
      <![CDATA["Special Personal Property" check box marked]]>
    </line>
    <line>
      <![CDATA[Clicked the "Insured Full Pay" radio button on the Coverage/Bill Plans page]]>
    </line>
    <line>
      <![CDATA[Clicked the "CUSTOMER" text header]]>
    </line>
    <line>
      <![CDATA[Clicked on Recalculate]]>
    </line>
    <line>
      <![CDATA[446466-04152019-Q38811129-KSHO3Case27-StagingRoundOne-2678.00]]>
    </line>
    <line>
      <![CDATA[Saved Quote]]>
    </line>
    <line>
      <![CDATA[Case27-Q38811129: Script has completed]]>
    </line>
    <line>
      <![CDATA[========================= End Case27 =========================]]>
    </line>
    <line>
      <![CDATA[Chrome has quit]]>
    </line>
    <line>
      <![CDATA[========================= Starting Case41 =========================]]>
    </line>
    <line>
      <![CDATA[Creating object of Chrome]]>
    </line>
    <line>
      <![CDATA[Chrome object created]]>
    </line>
    <line>
      <![CDATA[Driver has moved to the main tab]]>
    </line>
    <line>
      <![CDATA[Navigating to https://62.qa.foragentsonly.com/login/]]>
    </line>
    <line>
      <![CDATA[Entered PGR AgentID: 53134 into FAO Login]]>
    </line>
    <line>
      <![CDATA[Entered password into FAO Login]]>
    </line>
    <line>
      <![CDATA[Logged into FAO]]>
    </line>
    <line>
      <![CDATA[Logged in as AgentID: 53134]]>
    </line>
    <line>
      <![CDATA[Entered State: KS]]>
    </line>
    <line>
      <![CDATA[Clicked the "Select Product(s)" button on the FAO Home page]]>
    </line>
    <line>
      <![CDATA[HO3 selected as PlanID]]>
    </line>
    <line>
      <![CDATA[Clicked the "Start Quote" button on the FAO page]]>
    </line>
    <line>
      <![CDATA[Driver has moved to tab 1]]>
    </line>
    <line>
      <![CDATA[ASI Agent Code Prefilled with : 446466]]>
    </line>
    <line>
      <![CDATA[Entered First Name: KSHO3Case41]]>
    </line>
    <line>
      <![CDATA[Entered Last Name: StagingRoundOne]]>
    </line>
    <line>
      <![CDATA[Entered Date of Birth: 01011952]]>
    </line>
    <line>
      <![CDATA[Entered Gender: Male]]>
    </line>
    <line>
      <![CDATA[Entered Mailing Address Line 1: 2309 N WOODLAWN BLVD]]>
    </line>
    <line>
      <![CDATA[No value for Mailing Address Line 2]]>
    </line>
    <line>
      <![CDATA[Entered City: DERBY]]>
    </line>
    <line>
      <![CDATA[Entered ZIP Code: 67037]]>
    </line>
    <line>
      <![CDATA[Entered "How long has the insured lived at their current address?": 1 year or more]]>
    </line>
    <line>
      <![CDATA[Entered "Was the above disclosure read or provided to the consumer?": Yes]]>
    </line>
    <line>
      <![CDATA[Clicked the "Products ->" button on the Named Insured page]]>
    </line>
    <line>
      <![CDATA[Entered Policy Effective Date: 03302019]]>
    </line>
    <line>
      <![CDATA[Clicked NO on the "Is this risk for a home closing?" radio button on the Products page]]>
    </line>
    <line>
      <![CDATA[Entered Residence Type: Single Family]]>
    </line>
    <line>
      <![CDATA["I have verified that NONE of these conditions exist" check boxes marked]]>
    </line>
    <line>
      <![CDATA[Clicked the "CONTINUE TO QUOTE TYPE" button on the Products page]]>
    </line>
    <line>
      <![CDATA[Entered Begin with Dwelling Coverage: 200000]]>
    </line>
    <line>
      <![CDATA[Clicked the "FULL QUOTE" button on the Products page]]>
    </line>
    <line>
      <![CDATA[Entered Purchase Date: 03192019]]>
    </line>
    <line>
      <![CDATA[Entered Year Home Built: 1965]]>
    </line>
    <line>
      <![CDATA["Is a fire hydrant within 1000 feet" field is not currently displayed]]>
    </line>
    <line>
      <![CDATA[Entered Type of Construction: Masonry/Veneer]]>
    </line>
    <line>
      <![CDATA[Entered Exterior Walls: Concrete Block]]>
    </line>
    <line>
      <![CDATA[Entered Number of Stories: 1 Story / Ranch]]>
    </line>
    <line>
      <![CDATA[Entered Year Roof Installed: 2009]]>
    </line>
    <line>
      <![CDATA[Entered Roof Design: Gable]]>
    </line>
    <line>
      <![CDATA[Entered Roof Material: Composite Shingle]]>
    </line>
    <line>
      <![CDATA[Q38811603]]>
    </line>
    <line>
      <![CDATA[Purchase Date already entered: 03/19/2019]]>
    </line>
    <line>
      <![CDATA[Year Home Built already entered: 1965]]>
    </line>
    <line>
      <![CDATA[Type of Construction already entered: Masonry/Veneer]]>
    </line>
    <line>
      <![CDATA[Exterior Walls already entered: Concrete Block]]>
    </line>
    <line>
      <![CDATA[Number of Stories already entered: 1 Story / Ranch]]>
    </line>
    <line>
      <![CDATA[Year Roof Installed already entered: 2009]]>
    </line>
    <line>
      <![CDATA[Roof Design already entered: Gable]]>
    </line>
    <line>
      <![CDATA[Roof Material already entered: Composite Shingle]]>
    </line>
    <line>
      <![CDATA[Saved Quote]]>
    </line>
    <line>
      <![CDATA[Driver has moved to the main tab]]>
    </line>
    <line>
      <![CDATA[Navigating to https://uat-policy.americanstrategic.com/Policy/Lookup.aspx]]>
    </line>
    <line>
      <![CDATA[Entered username into Agent Login]]>
    </line>
    <line>
      <![CDATA[Entered password into Agent Login]]>
    </line>
    <line>
      <![CDATA[Logged into Agent Portal]]>
    </line>
    <line>
      <![CDATA[Entered Quote / Policy #: Q38811603]]>
    </line>
    <line>
      <![CDATA[Clicked the "Lookup Quote/Policy" button on the Rating and Policy Lookup page]]>
    </line>
    <line>
      <![CDATA[Clicked the "Next" button on the Plan and Residence Type page]]>
    </line>
    <line>
      <![CDATA[Entered Occupation: Other]]>
    </line>
    <line>
      <![CDATA[Entered Protection Class: 3]]>
    </line>
    <line>
      <![CDATA["Dwelling Coverage" override check box marked]]>
    </line>
    <line>
      <![CDATA["General Underwriting" override check box marked]]>
    </line>
    <line>
      <![CDATA["Social Security" override check box marked]]>
    </line>
    <line>
      <![CDATA["Water Damage Exclusion" override check box marked]]>
    </line>
    <line>
      <![CDATA["Animal Liability" override check box marked]]>
    </line>
    <line>
      <![CDATA["Purchase Price" override check box marked]]>
    </line>
    <line>
      <![CDATA["Short Sale or Foreclosure" override check box marked]]>
    </line>
    <line>
      <![CDATA["Eligibility Referral" override check box marked]]>
    </line>
    <line>
      <![CDATA["Flood Zone" override check box marked]]>
    </line>
    <line>
      <![CDATA["Geo Location" override check box marked]]>
    </line>
    <line>
      <![CDATA["Address" override check box marked]]>
    </line>
    <line>
      <![CDATA["Closed Zip Code" override check box marked]]>
    </line>
    <line>
      <![CDATA["Remove Lead Liability Exclusion" override check box marked]]>
    </line>
    <line>
      <![CDATA["HomeShield Package" override check box marked]]>
    </line>
    <line>
      <![CDATA["Functional Replacement Cost" override check box marked]]>
    </line>
    <line>
      <![CDATA["Updated Home Discount" override check box marked]]>
    </line>
    <line>
      <![CDATA["Previous Claims" override check box marked]]>
    </line>
    <line>
      <![CDATA["Flat Roof" override check box marked]]>
    </line>
    <line>
      <![CDATA["Address Standardization" override check box marked]]>
    </line>
    <line>
      <![CDATA["CLUE" override check box marked]]>
    </line>
    <line>
      <![CDATA["Age of Dwelling" override check box marked]]>
    </line>
    <line>
      <![CDATA["Loss Assessment" override check box marked]]>
    </line>
    <line>
      <![CDATA["HomeShield Plus Package" override check box marked]]>
    </line>
    <line>
      <![CDATA["Prior Liability Limit" override check box marked]]>
    </line>
    <line>
      <![CDATA["Scheduled Personal Property" override check box marked]]>
    </line>
    <line>
      <![CDATA[Entered Notes (FOR OVERRIDE PURPOSE ONLY): Rates Testing]]>
    </line>
    <line>
      <![CDATA[Entered Credit Score (Override): 760]]>
    </line>
    <line>
      <![CDATA[Entered ASI Claim Surcharge (Override): 2]]>
    </line>
    <line>
      <![CDATA[Entered Claim Count (Override): None]]>
    </line>
    <line>
      <![CDATA[All overrides have been applied]]>
    </line>
    <line>
      <![CDATA[Clicked the "Save" button on the Policy Rating 1 page]]>
    </line>
    <line>
      <![CDATA[Case41-Q38811603: Overrides were able to be saved]]>
    </line>
    <line>
      <![CDATA[Navigating to https://62.qa.foragentsonly.com/login/]]>
    </line>
    <line>
      <![CDATA[Clicked the "Existing Quote" button on the FAO Home page]]>
    </line>
    <line>
      <![CDATA[Entered Last Name: StagingRoundOne]]>
    </line>
    <line>
      <![CDATA[Entered First Name: KSHO3Case41]]>
    </line>
    <line>
      <![CDATA[Entered Start Effective Date: 03302019]]>
    </line>
    <line>
      <![CDATA[Entered End Effective Date: 03302019]]>
    </line>
    <line>
      <![CDATA[Clicked the "START" button on the FAO Home page]]>
    </line>
    <line>
      <![CDATA[Clicked the appropriate quote: StagingRoundOne, KSHO3Case41 on the Quote Screen]]>
    </line>
    <line>
      <![CDATA[Driver has moved to tab 1]]>
    </line>
    <line>
      <![CDATA[Clicked the "Products ->" button on the Named Insured page]]>
    </line>
    <line>
      <![CDATA[Entered Begin with Dwelling Coverage: 615000]]>
    </line>
    <line>
      <![CDATA[Protection Class Prefilled with: 3]]>
    </line>
    <line>
      <![CDATA[Entered Year Roof Installed: 2009]]>
    </line>
    <line>
      <![CDATA[Entered Roof Design: Gable]]>
    </line>
    <line>
      <![CDATA[Entered Living Area (Square Feet): 2000]]>
    </line>
    <line>
      <![CDATA[Entered Garage: None]]>
    </line>
    <line>
      <![CDATA[Entered Substructure: Slab-on-ground]]>
    </line>
    <line>
      <![CDATA[Entered Bathroom Grade: Builder's Grade]]>
    </line>
    <line>
      <![CDATA[Entered Number of Full Baths: 2]]>
    </line>
    <line>
      <![CDATA[Entered Number of 1/2 Baths: 0]]>
    </line>
    <line>
      <![CDATA[Entered Kitchen Grade: Builder's Grade]]>
    </line>
    <line>
      <![CDATA[Entered Cooling/Air: Central Air Conditioning]]>
    </line>
    <line>
      <![CDATA[Entered Permanent Heat Source: Electric]]>
    </line>
    <line>
      <![CDATA[Entered Deck: None]]>
    </line>
    <line>
      <![CDATA[Clicked the "Household Members ->" button on the Products page]]>
    </line>
    <line>
      <![CDATA[Entered Social Security Number: 111001111]]>
    </line>
    <line>
      <![CDATA[Entered Marital Status: Married]]>
    </line>
    <line>
      <![CDATA[Clicked the "Additional Details ->" button on the Household Members page]]>
    </line>
    <line>
      <![CDATA[Entered Prior Liability Limit: No Prior Liability Limit]]>
    </line>
    <line>
      <![CDATA[Entered Reported claims excluding wind, hail, or lightning in the past 3 years: 0 Claims]]>
    </line>
    <line>
      <![CDATA[Entered Number of children in household under 18: 3]]>
    </line>
    <line>
      <![CDATA[Entered Occupancy: Secondary/Seasonal Residence]]>
    </line>
    <line>
      <![CDATA[Entered Woodburning Stove: Yes]]>
    </line>
    <line>
      <![CDATA[Entered E-Signature: Yes]]>
    </line>
    <line>
      <![CDATA[Entered ACV Loss Settlement-Wind/Hail Losses to Roof: Actual Cash Value (ACV)]]>
    </line>
    <line>
      <![CDATA[Entered Do any residents smoke?: No]]>
    </line>
    <line>
      <![CDATA[Entered Does Insured have an Umbrella Policy?: No]]>
    </line>
    <line>
      <![CDATA[Entered Package Policy: Progressive Auto 250/500]]>
    </line>
    <line>
      <![CDATA[Entered Secured Subdivision: No]]>
    </line>
    <line>
      <![CDATA[Entered Burglar Protection: Motion Detecting Camera with Data Sharing]]>
    </line>
    <line>
      <![CDATA[Entered Fire Protection: Smart Smoke Detector with Data Sharing]]>
    </line>
    <line>
      <![CDATA[Entered Water Leak Protection: Water Leak Sensors]]>
    </line>
    <line>
      <![CDATA[Entered Home Update: No]]>
    </line>
    <line>
      <![CDATA[Entered Apply Paperless and accept documents and bills delivered through e-mail?: Yes]]>
    </line>
    <line>
      <![CDATA[Clicked the "Coverage/Bill Plans ->" button on the Additional Details page]]>
    </line>
    <line>
      <![CDATA["HomeShield" check box marked]]>
    </line>
    <line>
      <![CDATA[Entered Other Structures: 10% Cov A]]>
    </line>
    <line>
      <![CDATA[Personal Property Prefilled with: 50% Cov A (Included). This is included with the HomeShield package]]>
    </line>
    <line>
      <![CDATA[Loss of Use Prefilled with: 10% Cov A]]>
    </line>
    <line>
      <![CDATA[Entered All Other Perils: 1% Cov A]]>
    </line>
    <line>
      <![CDATA[Entered Wind/Hail Deductible: 1% Cov A]]>
    </line>
    <line>
      <![CDATA[Entered Earthquake Coverage: Yes]]>
    </line>
    <line>
      <![CDATA[Entered Earthquake Deductible: 15% Cov A]]>
    </line>
    <line>
      <![CDATA[Entered Earthquake Secured Water Heater: Yes]]>
    </line>
    <line>
      <![CDATA[Entered Personal Liability: $500,000]]>
    </line>
    <line>
      <![CDATA[Entered Medical Payments Limit: $2,500]]>
    </line>
    <line>
      <![CDATA[Entered Golf Cart Physical Damage & Liability: $100,000 / $300,000 - 2 Carts]]>
    </line>
    <line>
      <![CDATA[Increase Jewelry, Watches & Furs Prefilled with: $3,000. This is included with the HomeShield package]]>
    </line>
    <line>
      <![CDATA[Increased Replacement Cost on Dwelling Prefilled with: 25% Cov A. This is included with the HomeShield package]]>
    </line>
    <line>
      <![CDATA[Entered Animal Buyback: None]]>
    </line>
    <line>
      <![CDATA[Entered Home Computer Coverage: 3000]]>
    </line>
    <line>
      <![CDATA[Loss Assessment Prefilled with: $2,500. This is included with the HomeShield package]]>
    </line>
    <line>
      <![CDATA[Entered Ordinance or Law: 25%]]>
    </line>
    <line>
      <![CDATA[Entered Additional Water Backup - Basement: None]]>
    </line>
    <line>
      <![CDATA[Entered Matching of Undamaged Siding and/or Roofing: 6% Cov A]]>
    </line>
    <line>
      <![CDATA[Limited Water Damage is not enabled]]>
    </line>
    <line>
      <![CDATA[Personal Injury is included]]>
    </line>
    <line>
      <![CDATA[Personal Property Replacement Cost is included]]>
    </line>
    <line>
      <![CDATA["Special Personal Property" check box marked]]>
    </line>
    <line>
      <![CDATA[Clicked the "Insured Pay Plan" radio button on the Coverage/Bill Plans page]]>
    </line>
    <line>
      <![CDATA[Clicked the "CUSTOMER" text header]]>
    </line>
    <line>
      <![CDATA[Clicked on Recalculate]]>
    </line>
    <line>
      <![CDATA[446466-03302019-Q38811603-KSHO3Case41-StagingRoundOne-6231.00]]>
    </line>
    <line>
      <![CDATA[Saved Quote]]>
    </line>
    <line>
      <![CDATA[Case41-Q38811603: Script has completed]]>
    </line>
    <line>
      <![CDATA[========================= End Case41 =========================]]>
    </line>
    <line>
      <![CDATA[Chrome has quit]]>
    </line>
    <line>
      <![CDATA[========================= Starting Case75 =========================]]>
    </line>
    <line>
      <![CDATA[Creating object of Chrome]]>
    </line>
    <line>
      <![CDATA[Chrome object created]]>
    </line>
    <line>
      <![CDATA[Driver has moved to the main tab]]>
    </line>
    <line>
      <![CDATA[Navigating to https://62.qa.foragentsonly.com/login/]]>
    </line>
    <line>
      <![CDATA[Entered PGR AgentID: 53134 into FAO Login]]>
    </line>
    <line>
      <![CDATA[Entered password into FAO Login]]>
    </line>
    <line>
      <![CDATA[Logged into FAO]]>
    </line>
    <line>
      <![CDATA[Logged in as AgentID: 53134]]>
    </line>
    <line>
      <![CDATA[Entered State: KS]]>
    </line>
    <line>
      <![CDATA[Clicked the "Select Product(s)" button on the FAO Home page]]>
    </line>
    <line>
      <![CDATA[HO3 selected as PlanID]]>
    </line>
    <line>
      <![CDATA[Clicked the "Start Quote" button on the FAO page]]>
    </line>
    <line>
      <![CDATA[Driver has moved to tab 1]]>
    </line>
    <line>
      <![CDATA[ASI Agent Code Prefilled with : 446466]]>
    </line>
    <line>
      <![CDATA[Entered First Name: KSHO3Case75]]>
    </line>
    <line>
      <![CDATA[Entered Last Name: StagingRoundOne]]>
    </line>
    <line>
      <![CDATA[Entered Date of Birth: 01011973]]>
    </line>
    <line>
      <![CDATA[Entered Gender: Male]]>
    </line>
    <line>
      <![CDATA[Entered Mailing Address Line 1: 503 TYLER BLVD]]>
    </line>
    <line>
      <![CDATA[No value for Mailing Address Line 2]]>
    </line>
    <line>
      <![CDATA[Entered City: COFFEYVILLE]]>
    </line>
    <line>
      <![CDATA[Entered ZIP Code: 67337]]>
    </line>
    <line>
      <![CDATA[Entered "How long has the insured lived at their current address?": 1 year or more]]>
    </line>
    <line>
      <![CDATA[Entered "Was the above disclosure read or provided to the consumer?": Yes]]>
    </line>
    <line>
      <![CDATA[Clicked the "Products ->" button on the Named Insured page]]>
    </line>
    <line>
      <![CDATA[Entered Policy Effective Date: 04032019]]>
    </line>
    <line>
      <![CDATA[Clicked YES on the "Is this risk for a home closing?" radio button on the Products page]]>
    </line>
    <line>
      <![CDATA[Entered Residence Type: Single Family]]>
    </line>
    <line>
      <![CDATA["I have verified that NONE of these conditions exist" check boxes marked]]>
    </line>
    <line>
      <![CDATA[Clicked the "CONTINUE TO QUOTE TYPE" button on the Products page]]>
    </line>
    <line>
      <![CDATA[Entered Begin with Dwelling Coverage: 200000]]>
    </line>
    <line>
      <![CDATA[Clicked the "FULL QUOTE" button on the Products page]]>
    </line>
    <line>
      <![CDATA[Purchase Date already entered: 04/03/2019]]>
    </line>
    <line>
      <![CDATA[Entered Year Home Built: 1971]]>
    </line>
    <line>
      <![CDATA["Is a fire hydrant within 1000 feet" field is not currently displayed]]>
    </line>
    <line>
      <![CDATA[Entered Type of Construction: Masonry]]>
    </line>
    <line>
      <![CDATA[Entered Exterior Walls: Concrete Block]]>
    </line>
    <line>
      <![CDATA[Entered Number of Stories: 2.5 Stories]]>
    </line>
    <line>
      <![CDATA[Entered Year Roof Installed: 2003]]>
    </line>
    <line>
      <![CDATA[Entered Roof Design: Gable]]>
    </line>
    <line>
      <![CDATA[Entered Roof Material: Shingles, Architectural]]>
    </line>
    <line>
      <![CDATA[Q38812015]]>
    </line>
    <line>
      <![CDATA[Purchase Date already entered: 04/03/2019]]>
    </line>
    <line>
      <![CDATA[Year Home Built already entered: 1971]]>
    </line>
    <line>
      <![CDATA[Type of Construction already entered: Masonry]]>
    </line>
    <line>
      <![CDATA[Exterior Walls already entered: Concrete Block]]>
    </line>
    <line>
      <![CDATA[Number of Stories already entered: 2.5 Stories]]>
    </line>
    <line>
      <![CDATA[Year Roof Installed already entered: 2003]]>
    </line>
    <line>
      <![CDATA[Roof Design already entered: Gable]]>
    </line>
    <line>
      <![CDATA[Roof Material already entered: Shingles, Architectural]]>
    </line>
    <line>
      <![CDATA[Saved Quote]]>
    </line>
    <line>
      <![CDATA[Driver has moved to the main tab]]>
    </line>
    <line>
      <![CDATA[Navigating to https://uat-policy.americanstrategic.com/Policy/Lookup.aspx]]>
    </line>
    <line>
      <![CDATA[Entered username into Agent Login]]>
    </line>
    <line>
      <![CDATA[Entered password into Agent Login]]>
    </line>
    <line>
      <![CDATA[Logged into Agent Portal]]>
    </line>
    <line>
      <![CDATA[Entered Quote / Policy #: Q38812015]]>
    </line>
    <line>
      <![CDATA[Clicked the "Lookup Quote/Policy" button on the Rating and Policy Lookup page]]>
    </line>
    <line>
      <![CDATA[Clicked the "Next" button on the Plan and Residence Type page]]>
    </line>
    <line>
      <![CDATA[Entered Occupation: Other]]>
    </line>
    <line>
      <![CDATA[Entered Protection Class: 10]]>
    </line>
    <line>
      <![CDATA["Dwelling Coverage" override check box marked]]>
    </line>
    <line>
      <![CDATA["General Underwriting" override check box marked]]>
    </line>
    <line>
      <![CDATA["Social Security" override check box marked]]>
    </line>
    <line>
      <![CDATA["Water Damage Exclusion" override check box marked]]>
    </line>
    <line>
      <![CDATA["Animal Liability" override check box marked]]>
    </line>
    <line>
      <![CDATA["Purchase Price" override check box marked]]>
    </line>
    <line>
      <![CDATA["Short Sale or Foreclosure" override check box marked]]>
    </line>
    <line>
      <![CDATA["Eligibility Referral" override check box marked]]>
    </line>
    <line>
      <![CDATA["Flood Zone" override check box marked]]>
    </line>
    <line>
      <![CDATA["Geo Location" override check box marked]]>
    </line>
    <line>
      <![CDATA["Address" override check box marked]]>
    </line>
    <line>
      <![CDATA["Closed Zip Code" override check box marked]]>
    </line>
    <line>
      <![CDATA["Remove Lead Liability Exclusion" override check box marked]]>
    </line>
    <line>
      <![CDATA["HomeShield Package" override check box marked]]>
    </line>
    <line>
      <![CDATA["Functional Replacement Cost" override check box marked]]>
    </line>
    <line>
      <![CDATA["Updated Home Discount" override check box marked]]>
    </line>
    <line>
      <![CDATA["Previous Claims" override check box marked]]>
    </line>
    <line>
      <![CDATA["Flat Roof" override check box marked]]>
    </line>
    <line>
      <![CDATA["Address Standardization" override check box marked]]>
    </line>
    <line>
      <![CDATA["CLUE" override check box marked]]>
    </line>
    <line>
      <![CDATA["Age of Dwelling" override check box marked]]>
    </line>
    <line>
      <![CDATA["Loss Assessment" override check box marked]]>
    </line>
    <line>
      <![CDATA["HomeShield Plus Package" override check box marked]]>
    </line>
    <line>
      <![CDATA["Prior Liability Limit" override check box marked]]>
    </line>
    <line>
      <![CDATA["Scheduled Personal Property" override check box marked]]>
    </line>
    <line>
      <![CDATA[Entered Notes (FOR OVERRIDE PURPOSE ONLY): Rates Testing]]>
    </line>
    <line>
      <![CDATA[Entered Credit Score (Override): 710]]>
    </line>
    <line>
      <![CDATA[Entered ASI Claim Surcharge (Override): 1]]>
    </line>
    <line>
      <![CDATA[Entered Claim Count (Override): 1]]>
    </line>
    <line>
      <![CDATA[All overrides have been applied]]>
    </line>
    <line>
      <![CDATA[Clicked the "Save" button on the Policy Rating 1 page]]>
    </line>
    <line>
      <![CDATA[Case75-Q38812015: Overrides were able to be saved]]>
    </line>
    <line>
      <![CDATA[Navigating to https://62.qa.foragentsonly.com/login/]]>
    </line>
    <line>
      <![CDATA[Clicked the "Existing Quote" button on the FAO Home page]]>
    </line>
    <line>
      <![CDATA[Entered Last Name: StagingRoundOne]]>
    </line>
    <line>
      <![CDATA[Entered First Name: KSHO3Case75]]>
    </line>
    <line>
      <![CDATA[Entered Start Effective Date: 04032019]]>
    </line>
    <line>
      <![CDATA[Entered End Effective Date: 04032019]]>
    </line>
    <line>
      <![CDATA[Clicked the "START" button on the FAO Home page]]>
    </line>
    <line>
      <![CDATA[Clicked the appropriate quote: StagingRoundOne, KSHO3Case75 on the Quote Screen]]>
    </line>
    <line>
      <![CDATA[Driver has moved to tab 1]]>
    </line>
    <line>
      <![CDATA[Clicked the "Products ->" button on the Named Insured page]]>
    </line>
    <line>
      <![CDATA[Entered Begin with Dwelling Coverage: 1227000]]>
    </line>
    <line>
      <![CDATA[Protection Class Prefilled with: 10]]>
    </line>
    <line>
      <![CDATA[Entered Purchase Price: 300000]]>
    </line>
    <line>
      <![CDATA[Entered Year Roof Installed: 2003]]>
    </line>
    <line>
      <![CDATA[Entered Roof Design: Gable]]>
    </line>
    <line>
      <![CDATA[Entered Living Area (Square Feet): 2000]]>
    </line>
    <line>
      <![CDATA[Entered Garage: None]]>
    </line>
    <line>
      <![CDATA[Entered Substructure: Slab-on-ground]]>
    </line>
    <line>
      <![CDATA[Entered Bathroom Grade: Builder's Grade]]>
    </line>
    <line>
      <![CDATA[Entered Number of Full Baths: 2]]>
    </line>
    <line>
      <![CDATA[Entered Number of 1/2 Baths: 0]]>
    </line>
    <line>
      <![CDATA[Entered Kitchen Grade: Builder's Grade]]>
    </line>
    <line>
      <![CDATA[Entered Cooling/Air: Central Air Conditioning]]>
    </line>
    <line>
      <![CDATA[Entered Permanent Heat Source: Electric]]>
    </line>
    <line>
      <![CDATA[Entered Deck: None]]>
    </line>
    <line>
      <![CDATA[Clicked the "Household Members ->" button on the Products page]]>
    </line>
    <line>
      <![CDATA[Entered Social Security Number: 111001111]]>
    </line>
    <line>
      <![CDATA[Entered Marital Status: Married]]>
    </line>
    <line>
      <![CDATA[Clicked the "Additional Details ->" button on the Household Members page]]>
    </line>
    <line>
      <![CDATA[Entered Prior Liability Limit: Lapse in Coverage]]>
    </line>
    <line>
      <![CDATA[Entered Reported claims excluding wind, hail, or lightning in the past 3 years: 1 Claim]]>
    </line>
    <line>
      <![CDATA[Entered Number of children in household under 18: 3]]>
    </line>
    <line>
      <![CDATA[Entered Occupancy: Primary Residence]]>
    </line>
    <line>
      <![CDATA[Entered Woodburning Stove: Yes]]>
    </line>
    <line>
      <![CDATA[Entered E-Signature: Yes]]>
    </line>
    <line>
      <![CDATA[Entered ACV Loss Settlement-Wind/Hail Losses to Roof: Actual Cash Value (ACV)]]>
    </line>
    <line>
      <![CDATA[Entered Do any residents smoke?: No]]>
    </line>
    <line>
      <![CDATA[Entered Does Insured have an Umbrella Policy?: Yes]]>
    </line>
    <line>
      <![CDATA[Entered New Purchase: Yes]]>
    </line>
    <line>
      <![CDATA[Entered Package Policy: Progressive Auto 50/100]]>
    </line>
    <line>
      <![CDATA[Entered Secured Subdivision: Yes]]>
    </line>
    <line>
      <![CDATA[Entered Burglar Protection: Rep to Central Station]]>
    </line>
    <line>
      <![CDATA[Entered Fire Protection: Smoke Alarm]]>
    </line>
    <line>
      <![CDATA[Entered Water Leak Protection: None]]>
    </line>
    <line>
      <![CDATA[Entered Home Update: No]]>
    </line>
    <line>
      <![CDATA[Entered Apply Paperless and accept documents and bills delivered through e-mail?: Yes]]>
    </line>
    <line>
      <![CDATA[Clicked the "Coverage/Bill Plans ->" button on the Additional Details page]]>
    </line>
    <line>
      <![CDATA["HomeShield" check box marked]]>
    </line>
    <line>
      <![CDATA[Entered Other Structures: 10% Cov A]]>
    </line>
    <line>
      <![CDATA[Personal Property Prefilled with: 50% Cov A (Included). This is included with the HomeShield package]]>
    </line>
    <line>
      <![CDATA[Loss of Use Prefilled with: 20% Cov A (Included)]]>
    </line>
    <line>
      <![CDATA[Entered All Other Perils: $2,500]]>
    </line>
    <line>
      <![CDATA[Entered Wind/Hail Deductible: 1% Cov A]]>
    </line>
    <line>
      <![CDATA[Entered Earthquake Coverage: No]]>
    </line>
    <line>
      <![CDATA[Entered Personal Liability: $300,000]]>
    </line>
    <line>
      <![CDATA[Entered Medical Payments Limit: $1,000]]>
    </line>
    <line>
      <![CDATA[Entered Golf Cart Physical Damage & Liability: None]]>
    </line>
    <line>
      <![CDATA[Increase Jewelry, Watches & Furs Prefilled with: $3,000. This is included with the HomeShield package]]>
    </line>
    <line>
      <![CDATA[Increased Replacement Cost on Dwelling Prefilled with: 25% Cov A. This is included with the HomeShield package]]>
    </line>
    <line>
      <![CDATA[Entered Animal Buyback: $300,000]]>
    </line>
    <line>
      <![CDATA[Entered Home Computer Coverage: 9000]]>
    </line>
    <line>
      <![CDATA[Loss Assessment Prefilled with: $2,500. This is included with the HomeShield package]]>
    </line>
    <line>
      <![CDATA[Entered Ordinance or Law: 10% (Included)]]>
    </line>
    <line>
      <![CDATA[Entered Additional Water Backup - Basement: None]]>
    </line>
    <line>
      <![CDATA[Limited Water Damage is not enabled]]>
    </line>
    <line>
      <![CDATA[Personal Injury is included]]>
    </line>
    <line>
      <![CDATA[Personal Property Replacement Cost is included]]>
    </line>
    <line>
      <![CDATA["Special Personal Property" check box marked]]>
    </line>
    <line>
      <![CDATA[Selected Scheduled Personal Property item: Stamps]]>
    </line>
    <line>
      <![CDATA[Defaulted Quantity to: 1]]>
    </line>
    <line>
      <![CDATA[Defaulted Value to: 9000]]>
    </line>
    <line>
      <![CDATA[Clicked Add New Item]]>
    </line>
    <line>
      <![CDATA[Clicked the "Insured Pay Plan" radio button on the Coverage/Bill Plans page]]>
    </line>
    <line>
      <![CDATA[Clicked the "CUSTOMER" text header]]>
    </line>
    <line>
      <![CDATA[Clicked on Recalculate]]>
    </line>
    <line>
      <![CDATA[446466-04032019-Q38812015-KSHO3Case75-StagingRoundOne-19425.00]]>
    </line>
    <line>
      <![CDATA[Saved Quote]]>
    </line>
    <line>
      <![CDATA[Case75-Q38812015: Script has completed]]>
    </line>
    <line>
      <![CDATA[========================= End Case75 =========================]]>
    </line>
    <line>
      <![CDATA[Chrome has quit]]>
    </line>
    <line>
      <![CDATA[========================= Starting Case81 =========================]]>
    </line>
    <line>
      <![CDATA[Creating object of Chrome]]>
    </line>
    <line>
      <![CDATA[Chrome object created]]>
    </line>
    <line>
      <![CDATA[Driver has moved to the main tab]]>
    </line>
    <line>
      <![CDATA[Navigating to https://62.qa.foragentsonly.com/login/]]>
    </line>
    <line>
      <![CDATA[Entered PGR AgentID: 53134 into FAO Login]]>
    </line>
    <line>
      <![CDATA[Entered password into FAO Login]]>
    </line>
    <line>
      <![CDATA[Logged into FAO]]>
    </line>
    <line>
      <![CDATA[Logged in as AgentID: 53134]]>
    </line>
    <line>
      <![CDATA[Entered State: KS]]>
    </line>
    <line>
      <![CDATA[Clicked the "Select Product(s)" button on the FAO Home page]]>
    </line>
    <line>
      <![CDATA[HO3 selected as PlanID]]>
    </line>
    <line>
      <![CDATA[Clicked the "Start Quote" button on the FAO page]]>
    </line>
    <line>
      <![CDATA[Driver has moved to tab 1]]>
    </line>
    <line>
      <![CDATA[ASI Agent Code Prefilled with : 446466]]>
    </line>
    <line>
      <![CDATA[Entered First Name: KSHO3Case81]]>
    </line>
    <line>
      <![CDATA[Entered Last Name: StagingRoundOne]]>
    </line>
    <line>
      <![CDATA[Entered Date of Birth: 01011979]]>
    </line>
    <line>
      <![CDATA[Entered Gender: Male]]>
    </line>
    <line>
      <![CDATA[Entered Mailing Address Line 1: 1320 S EMPORIA ST]]>
    </line>
    <line>
      <![CDATA[No value for Mailing Address Line 2]]>
    </line>
    <line>
      <![CDATA[Entered City: EL DORADO]]>
    </line>
    <line>
      <![CDATA[Entered ZIP Code: 67042]]>
    </line>
    <line>
      <![CDATA[Entered "How long has the insured lived at their current address?": 1 year or more]]>
    </line>
    <line>
      <![CDATA[Entered "Was the above disclosure read or provided to the consumer?": Yes]]>
    </line>
    <line>
      <![CDATA[Clicked the "Products ->" button on the Named Insured page]]>
    </line>
    <line>
      <![CDATA[Entered Policy Effective Date: 04092019]]>
    </line>
    <line>
      <![CDATA[Clicked YES on the "Is this risk for a home closing?" radio button on the Products page]]>
    </line>
    <line>
      <![CDATA[Entered Residence Type: Single Family]]>
    </line>
    <line>
      <![CDATA["I have verified that NONE of these conditions exist" check boxes marked]]>
    </line>
    <line>
      <![CDATA[Clicked the "CONTINUE TO QUOTE TYPE" button on the Products page]]>
    </line>
    <line>
      <![CDATA[Entered Begin with Dwelling Coverage: 200000]]>
    </line>
    <line>
      <![CDATA[Clicked the "FULL QUOTE" button on the Products page]]>
    </line>
    <line>
      <![CDATA[Purchase Date already entered: 04/09/2019]]>
    </line>
    <line>
      <![CDATA[Entered Year Home Built: 2003]]>
    </line>
    <line>
      <![CDATA["Is a fire hydrant within 1000 feet" field is not currently displayed]]>
    </line>
    <line>
      <![CDATA[Entered Type of Construction: Masonry/Veneer]]>
    </line>
    <line>
      <![CDATA[Entered Exterior Walls: Concrete Block]]>
    </line>
    <line>
      <![CDATA[Entered Number of Stories: Bi Level / Raised Ranch]]>
    </line>
    <line>
      <![CDATA[Entered Year Roof Installed: 2003]]>
    </line>
    <line>
      <![CDATA[Entered Roof Design: Gable]]>
    </line>
    <line>
      <![CDATA[Entered Roof Material: Other]]>
    </line>
    <line>
      <![CDATA[Q38812434]]>
    </line>
    <line>
      <![CDATA[Purchase Date already entered: 04/09/2019]]>
    </line>
    <line>
      <![CDATA[Year Home Built already entered: 2003]]>
    </line>
    <line>
      <![CDATA[Type of Construction already entered: Masonry/Veneer]]>
    </line>
    <line>
      <![CDATA[Exterior Walls already entered: Concrete Block]]>
    </line>
    <line>
      <![CDATA[Number of Stories already entered: Bi Level / Raised Ranch]]>
    </line>
    <line>
      <![CDATA[Year Roof Installed already entered: 2003]]>
    </line>
    <line>
      <![CDATA[Roof Design already entered: Gable]]>
    </line>
    <line>
      <![CDATA[Roof Material already entered: Other]]>
    </line>
    <line>
      <![CDATA[Saved Quote]]>
    </line>
    <line>
      <![CDATA[Driver has moved to the main tab]]>
    </line>
    <line>
      <![CDATA[Navigating to https://uat-policy.americanstrategic.com/Policy/Lookup.aspx]]>
    </line>
    <line>
      <![CDATA[Entered username into Agent Login]]>
    </line>
    <line>
      <![CDATA[Entered password into Agent Login]]>
    </line>
    <line>
      <![CDATA[Logged into Agent Portal]]>
    </line>
    <line>
      <![CDATA[Entered Quote / Policy #: Q38812434]]>
    </line>
    <line>
      <![CDATA[Clicked the "Lookup Quote/Policy" button on the Rating and Policy Lookup page]]>
    </line>
    <line>
      <![CDATA[Clicked the "Next" button on the Plan and Residence Type page]]>
    </line>
    <line>
      <![CDATA[Entered Occupation: Other]]>
    </line>
    <line>
      <![CDATA[Entered Protection Class: 2]]>
    </line>
    <line>
      <![CDATA["Dwelling Coverage" override check box marked]]>
    </line>
    <line>
      <![CDATA["General Underwriting" override check box marked]]>
    </line>
    <line>
      <![CDATA["Social Security" override check box marked]]>
    </line>
    <line>
      <![CDATA["Water Damage Exclusion" override check box marked]]>
    </line>
    <line>
      <![CDATA["Animal Liability" override check box marked]]>
    </line>
    <line>
      <![CDATA["Purchase Price" override check box marked]]>
    </line>
    <line>
      <![CDATA["Short Sale or Foreclosure" override check box marked]]>
    </line>
    <line>
      <![CDATA["Eligibility Referral" override check box marked]]>
    </line>
    <line>
      <![CDATA["Flood Zone" override check box marked]]>
    </line>
    <line>
      <![CDATA["Geo Location" override check box marked]]>
    </line>
    <line>
      <![CDATA["Address" override check box marked]]>
    </line>
    <line>
      <![CDATA["Closed Zip Code" override check box marked]]>
    </line>
    <line>
      <![CDATA["Remove Lead Liability Exclusion" override check box marked]]>
    </line>
    <line>
      <![CDATA["HomeShield Package" override check box marked]]>
    </line>
    <line>
      <![CDATA["Functional Replacement Cost" override check box marked]]>
    </line>
    <line>
      <![CDATA["Updated Home Discount" override check box marked]]>
    </line>
    <line>
      <![CDATA["Previous Claims" override check box marked]]>
    </line>
    <line>
      <![CDATA["Flat Roof" override check box marked]]>
    </line>
    <line>
      <![CDATA["Address Standardization" override check box marked]]>
    </line>
    <line>
      <![CDATA["CLUE" override check box marked]]>
    </line>
    <line>
      <![CDATA["Age of Dwelling" override check box marked]]>
    </line>
    <line>
      <![CDATA["Loss Assessment" override check box marked]]>
    </line>
    <line>
      <![CDATA["HomeShield Plus Package" override check box marked]]>
    </line>
    <line>
      <![CDATA["Prior Liability Limit" override check box marked]]>
    </line>
    <line>
      <![CDATA["Scheduled Personal Property" override check box marked]]>
    </line>
    <line>
      <![CDATA[Entered Notes (FOR OVERRIDE PURPOSE ONLY): Rates Testing]]>
    </line>
    <line>
      <![CDATA[Entered Credit Score (Override): 580]]>
    </line>
    <line>
      <![CDATA[Entered ASI Claim Surcharge (Override): 1]]>
    </line>
    <line>
      <![CDATA[Entered Claim Count (Override): None]]>
    </line>
    <line>
      <![CDATA[All overrides have been applied]]>
    </line>
    <line>
      <![CDATA[Clicked the "Save" button on the Policy Rating 1 page]]>
    </line>
    <line>
      <![CDATA[Case81-Q38812434: Overrides were able to be saved]]>
    </line>
    <line>
      <![CDATA[Navigating to https://62.qa.foragentsonly.com/login/]]>
    </line>
    <line>
      <![CDATA[Clicked the "Existing Quote" button on the FAO Home page]]>
    </line>
    <line>
      <![CDATA[Entered Last Name: StagingRoundOne]]>
    </line>
    <line>
      <![CDATA[Entered First Name: KSHO3Case81]]>
    </line>
    <line>
      <![CDATA[Entered Start Effective Date: 04092019]]>
    </line>
    <line>
      <![CDATA[Entered End Effective Date: 04092019]]>
    </line>
    <line>
      <![CDATA[Clicked the "START" button on the FAO Home page]]>
    </line>
    <line>
      <![CDATA[Clicked the appropriate quote: StagingRoundOne, KSHO3Case81 on the Quote Screen]]>
    </line>
    <line>
      <![CDATA[Driver has moved to tab 1]]>
    </line>
    <line>
      <![CDATA[Clicked the "Products ->" button on the Named Insured page]]>
    </line>
    <line>
      <![CDATA[Entered Begin with Dwelling Coverage: 4062000]]>
    </line>
    <line>
      <![CDATA[Protection Class Prefilled with: 2]]>
    </line>
    <line>
      <![CDATA[Entered Purchase Price: 300000]]>
    </line>
    <line>
      <![CDATA[Entered Year Roof Installed: 2003]]>
    </line>
    <line>
      <![CDATA[Entered Roof Design: Gable]]>
    </line>
    <line>
      <![CDATA[Entered Living Area (Square Feet): 2000]]>
    </line>
    <line>
      <![CDATA[Entered Garage: None]]>
    </line>
    <line>
      <![CDATA[Substructure already entered: Slab-on-ground]]>
    </line>
    <line>
      <![CDATA[Entered Bathroom Grade: Builder's Grade]]>
    </line>
    <line>
      <![CDATA[Entered Number of Full Baths: 2]]>
    </line>
    <line>
      <![CDATA[Entered Number of 1/2 Baths: 0]]>
    </line>
    <line>
      <![CDATA[Entered Kitchen Grade: Builder's Grade]]>
    </line>
    <line>
      <![CDATA[Entered Cooling/Air: Central Air Conditioning]]>
    </line>
    <line>
      <![CDATA[Entered Permanent Heat Source: Electric]]>
    </line>
    <line>
      <![CDATA[Entered Deck: None]]>
    </line>
    <line>
      <![CDATA[Clicked the "Household Members ->" button on the Products page]]>
    </line>
    <line>
      <![CDATA[Entered Social Security Number: 111001111]]>
    </line>
    <line>
      <![CDATA[Entered Marital Status: Divorced]]>
    </line>
    <line>
      <![CDATA[Clicked the "Additional Details ->" button on the Household Members page]]>
    </line>
    <line>
      <![CDATA[Entered Prior Liability Limit: $300,000]]>
    </line>
    <line>
      <![CDATA[Entered Reported claims excluding wind, hail, or lightning in the past 3 years: 0 Claims]]>
    </line>
    <line>
      <![CDATA[Entered Number of children in household under 18: 1]]>
    </line>
    <line>
      <![CDATA[Entered Occupancy: Secondary/Seasonal Residence]]>
    </line>
    <line>
      <![CDATA[Entered Woodburning Stove: Yes]]>
    </line>
    <line>
      <![CDATA[Entered E-Signature: Yes]]>
    </line>
    <line>
      <![CDATA[Entered ACV Loss Settlement-Wind/Hail Losses to Roof: Actual Cash Value (ACV)]]>
    </line>
    <line>
      <![CDATA[Entered Do any residents smoke?: No]]>
    </line>
    <line>
      <![CDATA[Entered Does Insured have an Umbrella Policy?: Yes]]>
    </line>
    <line>
      <![CDATA[Entered New Purchase: Yes]]>
    </line>
    <line>
      <![CDATA[Entered Package Policy: Flood]]>
    </line>
    <line>
      <![CDATA[Entered Secured Subdivision: No]]>
    </line>
    <line>
      <![CDATA[Entered Burglar Protection: Rep to Central Station]]>
    </line>
    <line>
      <![CDATA[Entered Fire Protection: Smart Smoke Detector]]>
    </line>
    <line>
      <![CDATA[Entered Water Leak Protection: Water Leak Sensors with Auto Shut Off & Data Sharing]]>
    </line>
    <line>
      <![CDATA[Entered Home Update: No]]>
    </line>
    <line>
      <![CDATA[Entered Apply Paperless and accept documents and bills delivered through e-mail?: Yes]]>
    </line>
    <line>
      <![CDATA[Clicked the "Coverage/Bill Plans ->" button on the Additional Details page]]>
    </line>
    <line>
      <![CDATA["HomeShield" check box marked]]>
    </line>
    <line>
      <![CDATA[Entered Other Structures: 10% Cov A]]>
    </line>
    <line>
      <![CDATA[Personal Property Prefilled with: 50% Cov A (Included). This is included with the HomeShield package]]>
    </line>
    <line>
      <![CDATA[Loss of Use Prefilled with: 10% Cov A]]>
    </line>
    <line>
      <![CDATA[Entered All Other Perils: $1,500]]>
    </line>
    <line>
      <![CDATA[Entered Wind/Hail Deductible: 1% Cov A]]>
    </line>
    <line>
      <![CDATA[Entered Earthquake Coverage: No]]>
    </line>
    <line>
      <![CDATA[Entered Personal Liability: $500,000]]>
    </line>
    <line>
      <![CDATA[Entered Medical Payments Limit: $5,000]]>
    </line>
    <line>
      <![CDATA[Entered Golf Cart Physical Damage & Liability: $50,000 - 2 Carts]]>
    </line>
    <line>
      <![CDATA[Increase Jewelry, Watches & Furs Prefilled with: $3,000. This is included with the HomeShield package]]>
    </line>
    <line>
      <![CDATA[Increased Replacement Cost on Dwelling Prefilled with: 25% Cov A. This is included with the HomeShield package]]>
    </line>
    <line>
      <![CDATA[Entered Animal Buyback: None]]>
    </line>
    <line>
      <![CDATA[Entered Home Computer Coverage: 9000]]>
    </line>
    <line>
      <![CDATA[Loss Assessment Prefilled with: $2,500. This is included with the HomeShield package]]>
    </line>
    <line>
      <![CDATA[Entered Ordinance or Law: 10% (Included)]]>
    </line>
    <line>
      <![CDATA[Entered Additional Water Backup - Basement: None]]>
    </line>
    <line>
      <![CDATA[Entered Matching of Undamaged Siding and/or Roofing: 4% Cov A]]>
    </line>
    <line>
      <![CDATA[Limited Water Damage is not enabled]]>
    </line>
    <line>
      <![CDATA[Personal Injury is included]]>
    </line>
    <line>
      <![CDATA[Personal Property Replacement Cost is included]]>
    </line>
    <line>
      <![CDATA["Special Personal Property" check box marked]]>
    </line>
    <line>
      <![CDATA[Clicked the "Mortgage Billed" radio button on the Coverage/Bill Plans page]]>
    </line>
    <line>
      <![CDATA[Clicked the "CUSTOMER" text header]]>
    </line>
    <line>
      <![CDATA[Clicked on Recalculate]]>
    </line>
    <line>
      <![CDATA[446466-04092019-Q38812434-KSHO3Case81-StagingRoundOne-37527.00]]>
    </line>
    <line>
      <![CDATA[Saved Quote]]>
    </line>
    <line>
      <![CDATA[Case81-Q38812434: Script has completed]]>
    </line>
    <line>
      <![CDATA[========================= End Case81 =========================]]>
    </line>
    <line>
      <![CDATA[Chrome has quit]]>
    </line>
    <line>
      <![CDATA[========================= Starting Case84 =========================]]>
    </line>
    <line>
      <![CDATA[Creating object of Chrome]]>
    </line>
    <line>
      <![CDATA[Chrome object created]]>
    </line>
    <line>
      <![CDATA[Driver has moved to the main tab]]>
    </line>
    <line>
      <![CDATA[Navigating to https://62.qa.foragentsonly.com/login/]]>
    </line>
    <line>
      <![CDATA[Entered PGR AgentID: 53134 into FAO Login]]>
    </line>
    <line>
      <![CDATA[Entered password into FAO Login]]>
    </line>
    <line>
      <![CDATA[Logged into FAO]]>
    </line>
    <line>
      <![CDATA[Logged in as AgentID: 53134]]>
    </line>
    <line>
      <![CDATA[Entered State: KS]]>
    </line>
    <line>
      <![CDATA[Clicked the "Select Product(s)" button on the FAO Home page]]>
    </line>
    <line>
      <![CDATA[HO3 selected as PlanID]]>
    </line>
    <line>
      <![CDATA[Clicked the "Start Quote" button on the FAO page]]>
    </line>
    <line>
      <![CDATA[Driver has moved to tab 1]]>
    </line>
    <line>
      <![CDATA[ASI Agent Code Prefilled with : 446466]]>
    </line>
    <line>
      <![CDATA[Entered First Name: KSHO3Case84]]>
    </line>
    <line>
      <![CDATA[Entered Last Name: StagingRoundOne]]>
    </line>
    <line>
      <![CDATA[Entered Date of Birth: 01011987]]>
    </line>
    <line>
      <![CDATA[Entered Gender: Male]]>
    </line>
    <line>
      <![CDATA[Entered Mailing Address Line 1: 108 LOCUST]]>
    </line>
    <line>
      <![CDATA[No value for Mailing Address Line 2]]>
    </line>
    <line>
      <![CDATA[Entered City: LINWOOD]]>
    </line>
    <line>
      <![CDATA[Entered ZIP Code: 66052]]>
    </line>
    <line>
      <![CDATA[Entered "How long has the insured lived at their current address?": 1 year or more]]>
    </line>
    <line>
      <![CDATA[Entered "Was the above disclosure read or provided to the consumer?": Yes]]>
    </line>
    <line>
      <![CDATA[Clicked the "Products ->" button on the Named Insured page]]>
    </line>
    <line>
      <![CDATA[Entered Policy Effective Date: 04122019]]>
    </line>
    <line>
      <![CDATA[Clicked NO on the "Is this risk for a home closing?" radio button on the Products page]]>
    </line>
    <line>
      <![CDATA[Entered Residence Type: Single Family]]>
    </line>
    <line>
      <![CDATA["I have verified that NONE of these conditions exist" check boxes marked]]>
    </line>
    <line>
      <![CDATA[Clicked the "CONTINUE TO QUOTE TYPE" button on the Products page]]>
    </line>
    <line>
      <![CDATA[Entered Begin with Dwelling Coverage: 200000]]>
    </line>
    <line>
      <![CDATA[Clicked the "FULL QUOTE" button on the Products page]]>
    </line>
    <line>
      <![CDATA[Entered Purchase Date: 03192019]]>
    </line>
    <line>
      <![CDATA[Entered Year Home Built: 2003]]>
    </line>
    <line>
      <![CDATA["Is a fire hydrant within 1000 feet" field is not currently displayed]]>
    </line>
    <line>
      <![CDATA[Entered Type of Construction: Superior]]>
    </line>
    <line>
      <![CDATA[Entered Exterior Walls: Concrete Block]]>
    </line>
    <line>
      <![CDATA[Entered Number of Stories: 1 Story / Ranch]]>
    </line>
    <line>
      <![CDATA[Entered Year Roof Installed: 2003]]>
    </line>
    <line>
      <![CDATA[Entered Roof Design: Gable]]>
    </line>
    <line>
      <![CDATA[Entered Roof Material: Superior Construction w/Poured Concrete]]>
    </line>
    <line>
      <![CDATA[Q38812863]]>
    </line>
    <line>
      <![CDATA[Purchase Date already entered: 03/19/2019]]>
    </line>
    <line>
      <![CDATA[Year Home Built already entered: 2003]]>
    </line>
    <line>
      <![CDATA[Type of Construction already entered: Superior]]>
    </line>
    <line>
      <![CDATA[Exterior Walls already entered: Concrete Block]]>
    </line>
    <line>
      <![CDATA[Number of Stories already entered: 1 Story / Ranch]]>
    </line>
    <line>
      <![CDATA[Year Roof Installed already entered: 2003]]>
    </line>
    <line>
      <![CDATA[Roof Design already entered: Gable]]>
    </line>
    <line>
      <![CDATA[Roof Material already entered: Superior Construction w/Poured Concrete]]>
    </line>
    <line>
      <![CDATA[Saved Quote]]>
    </line>
    <line>
      <![CDATA[Driver has moved to the main tab]]>
    </line>
    <line>
      <![CDATA[Navigating to https://uat-policy.americanstrategic.com/Policy/Lookup.aspx]]>
    </line>
    <line>
      <![CDATA[Entered username into Agent Login]]>
    </line>
    <line>
      <![CDATA[Entered password into Agent Login]]>
    </line>
    <line>
      <![CDATA[Logged into Agent Portal]]>
    </line>
    <line>
      <![CDATA[Entered Quote / Policy #: Q38812863]]>
    </line>
    <line>
      <![CDATA[Clicked the "Lookup Quote/Policy" button on the Rating and Policy Lookup page]]>
    </line>
    <line>
      <![CDATA[Clicked the "Next" button on the Plan and Residence Type page]]>
    </line>
    <line>
      <![CDATA[Entered Occupation: Other]]>
    </line>
    <line>
      <![CDATA[Entered Protection Class: 7]]>
    </line>
    <line>
      <![CDATA["Dwelling Coverage" override check box marked]]>
    </line>
    <line>
      <![CDATA["General Underwriting" override check box marked]]>
    </line>
    <line>
      <![CDATA["Social Security" override check box marked]]>
    </line>
    <line>
      <![CDATA["Water Damage Exclusion" override check box marked]]>
    </line>
    <line>
      <![CDATA["Animal Liability" override check box marked]]>
    </line>
    <line>
      <![CDATA["Purchase Price" override check box marked]]>
    </line>
    <line>
      <![CDATA["Short Sale or Foreclosure" override check box marked]]>
    </line>
    <line>
      <![CDATA["Eligibility Referral" override check box marked]]>
    </line>
    <line>
      <![CDATA["Flood Zone" override check box marked]]>
    </line>
    <line>
      <![CDATA["Geo Location" override check box marked]]>
    </line>
    <line>
      <![CDATA["Address" override check box marked]]>
    </line>
    <line>
      <![CDATA["Closed Zip Code" override check box marked]]>
    </line>
    <line>
      <![CDATA["Remove Lead Liability Exclusion" override check box marked]]>
    </line>
    <line>
      <![CDATA["HomeShield Package" override check box marked]]>
    </line>
    <line>
      <![CDATA["Functional Replacement Cost" override check box marked]]>
    </line>
    <line>
      <![CDATA["Updated Home Discount" override check box marked]]>
    </line>
    <line>
      <![CDATA["Previous Claims" override check box marked]]>
    </line>
    <line>
      <![CDATA["Flat Roof" override check box marked]]>
    </line>
    <line>
      <![CDATA["Address Standardization" override check box marked]]>
    </line>
    <line>
      <![CDATA["CLUE" override check box marked]]>
    </line>
    <line>
      <![CDATA["Age of Dwelling" override check box marked]]>
    </line>
    <line>
      <![CDATA["Loss Assessment" override check box marked]]>
    </line>
    <line>
      <![CDATA["HomeShield Plus Package" override check box marked]]>
    </line>
    <line>
      <![CDATA["Prior Liability Limit" override check box marked]]>
    </line>
    <line>
      <![CDATA["Scheduled Personal Property" override check box marked]]>
    </line>
    <line>
      <![CDATA[Entered Notes (FOR OVERRIDE PURPOSE ONLY): Rates Testing]]>
    </line>
    <line>
      <![CDATA[Entered Credit Score (Override): 560]]>
    </line>
    <line>
      <![CDATA[Entered ASI Claim Surcharge (Override): 4]]>
    </line>
    <line>
      <![CDATA[Entered Claim Count (Override): 2]]>
    </line>
    <line>
      <![CDATA[All overrides have been applied]]>
    </line>
    <line>
      <![CDATA[Clicked the "Save" button on the Policy Rating 1 page]]>
    </line>
    <line>
      <![CDATA[Case84-Q38812863: Overrides were able to be saved]]>
    </line>
    <line>
      <![CDATA[Navigating to https://62.qa.foragentsonly.com/login/]]>
    </line>
    <line>
      <![CDATA[Clicked the "Existing Quote" button on the FAO Home page]]>
    </line>
    <line>
      <![CDATA[Entered Last Name: StagingRoundOne]]>
    </line>
    <line>
      <![CDATA[Entered First Name: KSHO3Case84]]>
    </line>
    <line>
      <![CDATA[Entered Start Effective Date: 04122019]]>
    </line>
    <line>
      <![CDATA[Entered End Effective Date: 04122019]]>
    </line>
    <line>
      <![CDATA[Clicked the "START" button on the FAO Home page]]>
    </line>
    <line>
      <![CDATA[Clicked the appropriate quote: StagingRoundOne, KSHO3Case84 on the Quote Screen]]>
    </line>
    <line>
      <![CDATA[Driver has moved to tab 1]]>
    </line>
    <line>
      <![CDATA[Clicked the "Products ->" button on the Named Insured page]]>
    </line>
    <line>
      <![CDATA[Entered Begin with Dwelling Coverage: 1904000]]>
    </line>
    <line>
      <![CDATA[Protection Class Prefilled with: 7]]>
    </line>
    <line>
      <![CDATA[Entered Year Roof Installed: 2003]]>
    </line>
    <line>
      <![CDATA[Entered Roof Design: Gable]]>
    </line>
    <line>
      <![CDATA[Entered Living Area (Square Feet): 2000]]>
    </line>
    <line>
      <![CDATA[Entered Garage: None]]>
    </line>
    <line>
      <![CDATA[Entered Substructure: Piers (Elevated)]]>
    </line>
    <line>
      <![CDATA[Entered Bathroom Grade: Builder's Grade]]>
    </line>
    <line>
      <![CDATA[Entered Number of Full Baths: 2]]>
    </line>
    <line>
      <![CDATA[Entered Number of 1/2 Baths: 0]]>
    </line>
    <line>
      <![CDATA[Entered Kitchen Grade: Builder's Grade]]>
    </line>
    <line>
      <![CDATA[Entered Cooling/Air: Central Air Conditioning]]>
    </line>
    <line>
      <![CDATA[Entered Permanent Heat Source: Electric]]>
    </line>
    <line>
      <![CDATA[Entered Deck: None]]>
    </line>
    <line>
      <![CDATA[Clicked the "Household Members ->" button on the Products page]]>
    </line>
    <line>
      <![CDATA[Entered Social Security Number: 111001111]]>
    </line>
    <line>
      <![CDATA[Entered Marital Status: Married]]>
    </line>
    <line>
      <![CDATA[Clicked the "Additional Details ->" button on the Household Members page]]>
    </line>
    <line>
      <![CDATA[Entered Prior Liability Limit: Less than $300,000]]>
    </line>
    <line>
      <![CDATA[Entered Reported claims excluding wind, hail, or lightning in the past 3 years: 2 or More]]>
    </line>
    <line>
      <![CDATA[Entered Number of children in household under 18: 7]]>
    </line>
    <line>
      <![CDATA[Entered Occupancy: Secondary/Seasonal Residence]]>
    </line>
    <line>
      <![CDATA[Entered Woodburning Stove: No]]>
    </line>
    <line>
      <![CDATA[Entered E-Signature: No]]>
    </line>
    <line>
      <![CDATA[Entered ACV Loss Settlement-Wind/Hail Losses to Roof: Replacement Cost]]>
    </line>
    <line>
      <![CDATA[Entered Do any residents smoke?: Yes]]>
    </line>
    <line>
      <![CDATA[Entered Does Insured have an Umbrella Policy?: No]]>
    </line>
    <line>
      <![CDATA[Entered Package Policy: Flood]]>
    </line>
    <line>
      <![CDATA[Entered Secured Subdivision: Yes]]>
    </line>
    <line>
      <![CDATA[Entered Burglar Protection: Rep to Central Station]]>
    </line>
    <line>
      <![CDATA[Entered Fire Protection: Rep to Central Station with Data Sharing]]>
    </line>
    <line>
      <![CDATA[Entered Water Leak Protection: Water Flow Monitor with Auto Shut Off & Data Sharing]]>
    </line>
    <line>
      <![CDATA[Entered Home Update: No]]>
    </line>
    <line>
      <![CDATA[Entered Apply Paperless and accept documents and bills delivered through e-mail?: No]]>
    </line>
    <line>
      <![CDATA[Clicked the "Coverage/Bill Plans ->" button on the Additional Details page]]>
    </line>
    <line>
      <![CDATA["HomeShield" check box marked]]>
    </line>
    <line>
      <![CDATA[Entered Other Structures: 2% Cov A (Included)]]>
    </line>
    <line>
      <![CDATA[Personal Property Prefilled with: 50% Cov A (Included). This is included with the HomeShield package]]>
    </line>
    <line>
      <![CDATA[Loss of Use Prefilled with: 20% Cov A (Included)]]>
    </line>
    <line>
      <![CDATA[Entered All Other Perils: $1,000]]>
    </line>
    <line>
      <![CDATA[Entered Wind/Hail Deductible: 1% Cov A]]>
    </line>
    <line>
      <![CDATA[Entered Earthquake Coverage: Yes]]>
    </line>
    <line>
      <![CDATA[Entered Earthquake Deductible: 10% Cov A]]>
    </line>
    <line>
      <![CDATA[Entered Personal Liability: $500,000]]>
    </line>
    <line>
      <![CDATA[Entered Medical Payments Limit: $2,500]]>
    </line>
    <line>
      <![CDATA[Entered Golf Cart Physical Damage & Liability: $100,000 / $300,000 - 2 Carts]]>
    </line>
    <line>
      <![CDATA[Increase Jewelry, Watches & Furs Prefilled with: $3,000. This is included with the HomeShield package]]>
    </line>
    <line>
      <![CDATA[Increased Replacement Cost on Dwelling Prefilled with: 25% Cov A. This is included with the HomeShield package]]>
    </line>
    <line>
      <![CDATA[Entered Animal Buyback: None]]>
    </line>
    <line>
      <![CDATA[Entered Home Computer Coverage: 10000]]>
    </line>
    <line>
      <![CDATA[Loss Assessment Prefilled with: $2,500. This is included with the HomeShield package]]>
    </line>
    <line>
      <![CDATA[Entered Ordinance or Law: 25%]]>
    </line>
    <line>
      <![CDATA[Entered Additional Water Backup - Basement: None]]>
    </line>
    <line>
      <![CDATA[Entered Matching of Undamaged Siding and/or Roofing: 4% Cov A]]>
    </line>
    <line>
      <![CDATA[Limited Water Damage is not enabled]]>
    </line>
    <line>
      <![CDATA[Personal Injury is included]]>
    </line>
    <line>
      <![CDATA[Personal Property Replacement Cost is included]]>
    </line>
    <line>
      <![CDATA["Special Personal Property" check box marked]]>
    </line>
    <line>
      <![CDATA[Clicked the "Insured Pay Plan" radio button on the Coverage/Bill Plans page]]>
    </line>
    <line>
      <![CDATA[Clicked the "CUSTOMER" text header]]>
    </line>
    <line>
      <![CDATA[Clicked on Recalculate]]>
    </line>
    <line>
      <![CDATA[446466-04122019-Q38812863-KSHO3Case84-StagingRoundOne-74409.00]]>
    </line>
    <line>
      <![CDATA[Saved Quote]]>
    </line>
    <line>
      <![CDATA[Case84-Q38812863: Script has completed]]>
    </line>
    <line>
      <![CDATA[========================= End Case84 =========================]]>
    </line>
    <line>
      <![CDATA[Chrome has quit]]>
    </line>
    <line>
      <![CDATA[========================= Starting Case94 =========================]]>
    </line>
    <line>
      <![CDATA[Creating object of Chrome]]>
    </line>
    <line>
      <![CDATA[Chrome object created]]>
    </line>
    <line>
      <![CDATA[Driver has moved to the main tab]]>
    </line>
    <line>
      <![CDATA[Navigating to https://62.qa.foragentsonly.com/login/]]>
    </line>
    <line>
      <![CDATA[Entered PGR AgentID: 53134 into FAO Login]]>
    </line>
    <line>
      <![CDATA[Entered password into FAO Login]]>
    </line>
    <line>
      <![CDATA[Logged into FAO]]>
    </line>
    <line>
      <![CDATA[Logged in as AgentID: 53134]]>
    </line>
    <line>
      <![CDATA[Entered State: KS]]>
    </line>
    <line>
      <![CDATA[Clicked the "Select Product(s)" button on the FAO Home page]]>
    </line>
    <line>
      <![CDATA[HO3 selected as PlanID]]>
    </line>
    <line>
      <![CDATA[Clicked the "Start Quote" button on the FAO page]]>
    </line>
    <line>
      <![CDATA[Driver has moved to tab 1]]>
    </line>
    <line>
      <![CDATA[ASI Agent Code Prefilled with : 446466]]>
    </line>
    <line>
      <![CDATA[Entered First Name: KSHO3Case94]]>
    </line>
    <line>
      <![CDATA[Entered Last Name: StagingRoundOne]]>
    </line>
    <line>
      <![CDATA[Entered Date of Birth: 01011994]]>
    </line>
    <line>
      <![CDATA[Entered Gender: Male]]>
    </line>
    <line>
      <![CDATA[Entered Mailing Address Line 1: 125 N 2ND ST]]>
    </line>
    <line>
      <![CDATA[No value for Mailing Address Line 2]]>
    </line>
    <line>
      <![CDATA[Entered City: ARKANSAS CITY]]>
    </line>
    <line>
      <![CDATA[Entered ZIP Code: 67005]]>
    </line>
    <line>
      <![CDATA[Entered "How long has the insured lived at their current address?": 1 year or more]]>
    </line>
    <line>
      <![CDATA[Entered "Was the above disclosure read or provided to the consumer?": Yes]]>
    </line>
    <line>
      <![CDATA[Clicked the "Products ->" button on the Named Insured page]]>
    </line>
    <line>
      <![CDATA[Entered Policy Effective Date: 03232019]]>
    </line>
    <line>
      <![CDATA[Clicked NO on the "Is this risk for a home closing?" radio button on the Products page]]>
    </line>
    <line>
      <![CDATA[Entered Residence Type: Single Family]]>
    </line>
    <line>
      <![CDATA["I have verified that NONE of these conditions exist" check boxes marked]]>
    </line>
    <line>
      <![CDATA[Clicked the "CONTINUE TO QUOTE TYPE" button on the Products page]]>
    </line>
    <line>
      <![CDATA[Entered Begin with Dwelling Coverage: 200000]]>
    </line>
    <line>
      <![CDATA[Clicked the "FULL QUOTE" button on the Products page]]>
    </line>
    <line>
      <![CDATA[Entered Purchase Date: 03192019]]>
    </line>
    <line>
      <![CDATA[Entered Year Home Built: 2000]]>
    </line>
    <line>
      <![CDATA["Is a fire hydrant within 1000 feet" field is not currently displayed]]>
    </line>
    <line>
      <![CDATA[Entered Type of Construction: Masonry/Veneer]]>
    </line>
    <line>
      <![CDATA[Entered Exterior Walls: Concrete Block]]>
    </line>
    <line>
      <![CDATA[Entered Number of Stories: 1 Story / Ranch]]>
    </line>
    <line>
      <![CDATA[Entered Year Roof Installed: 2000]]>
    </line>
    <line>
      <![CDATA[Entered Roof Design: Gable]]>
    </line>
    <line>
      <![CDATA[Entered Roof Material: Barrel Tile]]>
    </line>
    <line>
      <![CDATA[Q38813252]]>
    </line>
    <line>
      <![CDATA[Purchase Date already entered: 03/19/2019]]>
    </line>
    <line>
      <![CDATA[Year Home Built already entered: 2000]]>
    </line>
    <line>
      <![CDATA[Type of Construction already entered: Masonry/Veneer]]>
    </line>
    <line>
      <![CDATA[Exterior Walls already entered: Concrete Block]]>
    </line>
    <line>
[...]
            <line>
              <![CDATA[Entered password into FAO Login]]>
            </line>
            <line>
              <![CDATA[Logged into FAO]]>
            </line>
            <line>
              <![CDATA[Logged in as AgentID: 53134]]>
            </line>
            <line>
              <![CDATA[Entered State: KS]]>
            </line>
            <line>
              <![CDATA[Clicked the "Select Product(s)" button on the FAO Home page]]>
            </line>
            <line>
              <![CDATA[HO3 selected as PlanID]]>
            </line>
            <line>
              <![CDATA[Clicked the "Start Quote" button on the FAO page]]>
            </line>
            <line>
              <![CDATA[Driver has moved to tab 1]]>
            </line>
            <line>
              <![CDATA[ASI Agent Code Prefilled with : 446466]]>
            </line>
            <line>
              <![CDATA[Entered First Name: KSHO3Case111]]>
            </line>
            <line>
              <![CDATA[Entered Last Name: StagingRoundOne]]>
            </line>
            <line>
              <![CDATA[Entered Date of Birth: 01011918]]>
            </line>
            <line>
              <![CDATA[Entered Gender: Male]]>
            </line>
            <line>
              <![CDATA[Entered Mailing Address Line 1: 8704 DUNRAVEN ST]]>
            </line>
            <line>
              <![CDATA[No value for Mailing Address Line 2]]>
            </line>
            <line>
              <![CDATA[Entered City: LENEXA]]>
            </line>
            <line>
              <![CDATA[Entered ZIP Code: 66227]]>
            </line>
            <line>
              <![CDATA[Entered "How long has the insured lived at their current address?": 1 year or more]]>
            </line>
            <line>
              <![CDATA[Entered "Was the above disclosure read or provided to the consumer?": Yes]]>
            </line>
            <line>
              <![CDATA[Clicked the "Products ->" button on the Named Insured page]]>
            </line>
            <line>
              <![CDATA[Entered Policy Effective Date: 04092019]]>
            </line>
            <line>
              <![CDATA[Clicked NO on the "Is this risk for a home closing?" radio button on the Products page]]>
            </line>
            <line>
              <![CDATA[Entered Residence Type: Single Family]]>
            </line>
            <line>
              <![CDATA["I have verified that NONE of these conditions exist" check boxes marked]]>
            </line>
            <line>
              <![CDATA[Clicked the "CONTINUE TO QUOTE TYPE" button on the Products page]]>
            </line>
            <line>
              <![CDATA[Entered Begin with Dwelling Coverage: 200000]]>
            </line>
            <line>
              <![CDATA[Clicked the "FULL QUOTE" button on the Products page]]>
            </line>
            <line>
              <![CDATA[Entered Purchase Date: 03192019]]>
            </line>
            <line>
              <![CDATA[Entered Year Home Built: 1959]]>
            </line>
            <line>
              <![CDATA["Is a fire hydrant within 1000 feet" field is not currently displayed]]>
            </line>
            <line>
              <![CDATA[Entered Type of Construction: Masonry]]>
            </line>
            <line>
              <![CDATA[Entered Exterior Walls: Concrete Block]]>
            </line>
            <line>
              <![CDATA[Entered Number of Stories: Bi Level / Raised Ranch]]>
            </line>
            <line>
              <![CDATA[Entered Year Roof Installed: 1998]]>
            </line>
            <line>
              <![CDATA[Entered Roof Design: Gable]]>
            </line>
            <line>
              <![CDATA[Entered Roof Material: Rolled Roof]]>
            </line>
            <line>
              <![CDATA[Q38814432]]>
            </line>
            <line>
              <![CDATA[Purchase Date already entered: 03/19/2019]]>
            </line>
            <line>
              <![CDATA[Year Home Built already entered: 1959]]>
            </line>
            <line>
              <![CDATA[Type of Construction already entered: Masonry]]>
            </line>
            <line>
              <![CDATA[Exterior Walls already entered: Concrete Block]]>
            </line>
            <line>
              <![CDATA[Number of Stories already entered: Bi Level / Raised Ranch]]>
            </line>
            <line>
              <![CDATA[Year Roof Installed already entered: 1998]]>
            </line>
            <line>
              <![CDATA[Roof Design already entered: Gable]]>
            </line>
            <line>
              <![CDATA[Roof Material already entered: Rolled Roof]]>
            </line>
            <line>
              <![CDATA[Saved Quote]]>
            </line>
            <line>
              <![CDATA[Driver has moved to the main tab]]>
            </line>
            <line>
              <![CDATA[Navigating to https://uat-policy.americanstrategic.com/Policy/Lookup.aspx]]>
            </line>
            <line>
              <![CDATA[Entered username into Agent Login]]>
            </line>
            <line>
              <![CDATA[Entered password into Agent Login]]>
            </line>
            <line>
              <![CDATA[Logged into Agent Portal]]>
            </line>
            <line>
              <![CDATA[Entered Quote / Policy #: Q38814432]]>
            </line>
            <line>
              <![CDATA[Clicked the "Lookup Quote/Policy" button on the Rating and Policy Lookup page]]>
            </line>
            <line>
              <![CDATA[Clicked the "Next" button on the Plan and Residence Type page]]>
            </line>
            <line>
              <![CDATA[Entered Occupation: Other]]>
            </line>
            <line>
              <![CDATA[Entered Protection Class: 10]]>
            </line>
            <line>
              <![CDATA["Dwelling Coverage" override check box marked]]>
            </line>
            <line>
              <![CDATA["General Underwriting" override check box marked]]>
            </line>
            <line>
              <![CDATA["Social Security" override check box marked]]>
            </line>
            <line>
              <![CDATA["Water Damage Exclusion" override check box marked]]>
            </line>
            <line>
              <![CDATA["Animal Liability" override check box marked]]>
            </line>
            <line>
              <![CDATA["Purchase Price" override check box marked]]>
            </line>
            <line>
              <![CDATA["Short Sale or Foreclosure" override check box marked]]>
            </line>
            <line>
              <![CDATA["Eligibility Referral" override check box marked]]>
            </line>
            <line>
              <![CDATA["Flood Zone" override check box marked]]>
            </line>
            <line>
              <![CDATA["Geo Location" override check box marked]]>
            </line>
            <line>
              <![CDATA["Address" override check box marked]]>
            </line>
            <line>
              <![CDATA["Closed Zip Code" override check box marked]]>
            </line>
            <line>
              <![CDATA["Remove Lead Liability Exclusion" override check box marked]]>
            </line>
            <line>
              <![CDATA["HomeShield Package" override check box marked]]>
            </line>
            <line>
              <![CDATA["Functional Replacement Cost" override check box marked]]>
            </line>
            <line>
              <![CDATA["Updated Home Discount" override check box marked]]>
            </line>
            <line>
              <![CDATA["Previous Claims" override check box marked]]>
            </line>
            <line>
              <![CDATA["Flat Roof" override check box marked]]>
            </line>
            <line>
              <![CDATA["Address Standardization" override check box marked]]>
            </line>
            <line>
              <![CDATA["CLUE" override check box marked]]>
            </line>
            <line>
              <![CDATA["Age of Dwelling" override check box marked]]>
            </line>
            <line>
              <![CDATA["Loss Assessment" override check box marked]]>
            </line>
            <line>
              <![CDATA["HomeShield Plus Package" override check box marked]]>
            </line>
            <line>
              <![CDATA["Prior Liability Limit" override check box marked]]>
            </line>
            <line>
              <![CDATA["Scheduled Personal Property" override check box marked]]>
            </line>
            <line>
              <![CDATA[Entered Notes (FOR OVERRIDE PURPOSE ONLY): Rates Testing]]>
            </line>
            <line>
              <![CDATA[Entered Credit Score (Override): 660]]>
            </line>
            <line>
              <![CDATA[Entered ASI Claim Surcharge (Override): 3]]>
            </line>
            <line>
              <![CDATA[Entered Claim Count (Override): 9 or more]]>
            </line>
            <line>
              <![CDATA[All overrides have been applied]]>
            </line>
            <line>
              <![CDATA[Clicked the "Save" button on the Policy Rating 1 page]]>
            </line>
            <line>
              <![CDATA[Case111-Q38814432: Overrides were able to be saved]]>
            </line>
            <line>
              <![CDATA[Navigating to https://62.qa.foragentsonly.com/login/]]>
            </line>
            <line>
              <![CDATA[Clicked the "Existing Quote" button on the FAO Home page]]>
            </line>
            <line>
              <![CDATA[Entered Last Name: StagingRoundOne]]>
            </line>
            <line>
              <![CDATA[Entered First Name: KSHO3Case111]]>
            </line>
            <line>
              <![CDATA[Entered Start Effective Date: 04092019]]>
            </line>
            <line>
              <![CDATA[Entered End Effective Date: 04092019]]>
            </line>
            <line>
              <![CDATA[Clicked the "START" button on the FAO Home page]]>
            </line>
            <line>
              <![CDATA[Clicked the appropriate quote: StagingRoundOne, KSHO3Case111 on the Quote Screen]]>
            </line>
            <line>
              <![CDATA[Driver has moved to tab 1]]>
            </line>
            <line>
              <![CDATA[Clicked the "Products ->" button on the Named Insured page]]>
            </line>
            <line>
              <![CDATA[Entered Begin with Dwelling Coverage: 1841000]]>
            </line>
            <line>
              <![CDATA[Protection Class Prefilled with: 10]]>
            </line>
            <line>
              <![CDATA[Entered Year Roof Installed: 1998]]>
            </line>
            <line>
              <![CDATA[Entered Roof Design: Gable]]>
            </line>
            <line>
              <![CDATA[Entered Living Area (Square Feet): 2000]]>
            </line>
            <line>
              <![CDATA[Entered Garage: None]]>
            </line>
            <line>
              <![CDATA[Substructure already entered: Slab-on-ground]]>
            </line>
            <line>
              <![CDATA[Entered Bathroom Grade: Builder's Grade]]>
            </line>
            <line>
              <![CDATA[Entered Number of Full Baths: 2]]>
            </line>
            <line>
              <![CDATA[Entered Number of 1/2 Baths: 0]]>
            </line>
            <line>
              <![CDATA[Entered Kitchen Grade: Builder's Grade]]>
            </line>
            <line>
              <![CDATA[Entered Cooling/Air: Central Air Conditioning]]>
            </line>
            <line>
              <![CDATA[Entered Permanent Heat Source: Electric]]>
            </line>
            <line>
              <![CDATA[Entered Deck: None]]>
            </line>
            <line>
              <![CDATA[Clicked the "Household Members ->" button on the Products page]]>
            </line>
            <line>
              <![CDATA[Entered Social Security Number: 111001111]]>
            </line>
            <line>
              <![CDATA[Entered Marital Status: Widowed]]>
            </line>
            <line>
              <![CDATA[Clicked the "Additional Details ->" button on the Household Members page]]>
            </line>
            <line>
              <![CDATA[Entered Prior Liability Limit: No Prior Liability Limit]]>
            </line>
            <line>
              <![CDATA[Entered Reported claims excluding wind, hail, or lightning in the past 3 years: 2 or More]]>
            </line>
            <line>
              <![CDATA[Entered Number of children in household under 18: 1]]>
            </line>
            <line>
              <![CDATA[Entered Occupancy: Primary Residence]]>
            </line>
            <line>
              <![CDATA[Entered Woodburning Stove: Yes]]>
            </line>
            <line>
              <![CDATA[Entered E-Signature: Yes]]>
            </line>
            <line>
              <![CDATA[Entered ACV Loss Settlement-Wind/Hail Losses to Roof: Actual Cash Value (ACV)]]>
            </line>
            <line>
              <![CDATA[Entered Do any residents smoke?: No]]>
            </line>
            <line>
              <![CDATA[Entered Does Insured have an Umbrella Policy?: No]]>
            </line>
            <line>
              <![CDATA[Entered Package Policy: Flood]]>
            </line>
            <line>
              <![CDATA[Entered Secured Subdivision: Yes]]>
            </line>
            <line>
              <![CDATA[Entered Burglar Protection: Motion Detecting Camera with Data Sharing]]>
            </line>
            <line>
              <![CDATA[Entered Fire Protection: Smart Smoke Detector with Data Sharing]]>
            </line>
            <line>
              <![CDATA[Invalid value for SelectWaterLeakProtection()]]>
            </line>
            <line>
              <![CDATA[Entered Home Update: No]]>
            </line>
            <line>
              <![CDATA[Entered Apply Paperless and accept documents and bills delivered through e-mail?: Yes]]>
            </line>
            <line>
              <![CDATA[Clicked the "Coverage/Bill Plans ->" button on the Additional Details page]]>
            </line>
            <line>
              <![CDATA["HomeShield" check box marked]]>
            </line>
            <line>
              <![CDATA[Entered Other Structures: 20% Cov A]]>
            </line>
            <line>
              <![CDATA[Personal Property Prefilled with: 50% Cov A (Included). This is included with the HomeShield package]]>
            </line>
            <line>
              <![CDATA[Loss of Use Prefilled with: 10% Cov A]]>
            </line>
            <line>
              <![CDATA[Entered All Other Perils: $2,500]]>
            </line>
            <line>
              <![CDATA[Entered Wind/Hail Deductible: 2% Cov A]]>
            </line>
            <line>
              <![CDATA[Entered Earthquake Coverage: Yes]]>
            </line>
            <line>
              <![CDATA[Entered Earthquake Deductible: 10% Cov A]]>
            </line>
            <line>
              <![CDATA[Entered Earthquake Secured Water Heater: Yes]]>
            </line>
            <line>
              <![CDATA[Entered Personal Liability: $100,000]]>
            </line>
            <line>
              <![CDATA[Entered Medical Payments Limit: $2,500]]>
            </line>
            <line>
              <![CDATA[Entered Golf Cart Physical Damage & Liability: $50,000 - 2 Carts]]>
            </line>
            <line>
              <![CDATA[Increase Jewelry, Watches & Furs Prefilled with: $3,000. This is included with the HomeShield package]]>
            </line>
            <line>
              <![CDATA[Increased Replacement Cost on Dwelling Prefilled with: 25% Cov A. This is included with the HomeShield package]]>
            </line>
            <line>
              <![CDATA[Entered Animal Buyback: None]]>
            </line>
            <line>
              <![CDATA[Entered Home Computer Coverage: 15000]]>
            </line>
            <line>
              <![CDATA[Loss Assessment Prefilled with: $2,500. This is included with the HomeShield package]]>
            </line>
            <line>
              <![CDATA[Entered Ordinance or Law: 25%]]>
            </line>
            <line>
              <![CDATA[Entered Additional Water Backup - Basement: None]]>
            </line>
            <line>
              <![CDATA[Limited Water Damage is not enabled]]>
            </line>
            <line>
              <![CDATA[Personal Injury is included]]>
            </line>
            <line>
              <![CDATA[Personal Property Replacement Cost is included]]>
            </line>
            <line>
              <![CDATA["Special Personal Property" check box marked]]>
            </line>
            <line>
              <![CDATA[Selected Scheduled Personal Property item: Guns (Collectible)]]>
            </line>
            <line>
              <![CDATA[Defaulted Quantity to: 1]]>
            </line>
            <line>
              <![CDATA[Defaulted Value to: 5000]]>
            </line>
            <line>
              <![CDATA[Clicked Add New Item]]>
            </line>
            <line>
              <![CDATA[Clicked the "Insured Full Pay" radio button on the Coverage/Bill Plans page]]>
            </line>
            <line>
              <![CDATA[Clicked the "CUSTOMER" text header]]>
            </line>
            <line>
              <![CDATA[Clicked on Recalculate]]>
            </line>
            <line>
              <![CDATA[446466-04092019-Q38814432-KSHO3Case111-StagingRoundOne-37455.00]]>
            </line>
            <line>
              <![CDATA[Saved Quote]]>
            </line>
            <line>
              <![CDATA[Case111-Q38814432: Script has completed]]>
            </line>
            <line>
              <![CDATA[========================= End Case111 =========================]]>
            </line>
          </reporter-output>
        </test-method> <!-- RunRates_HO3 -->
        <test-method status="PASS" signature="AfterEachTest()[pri:0, instance:Automation.IAQ.Testing.Rates.KS.Rates_HO3@1ee807c6]" name="AfterEachTest" is-config="true" duration-ms="722" started-at="2019-03-19T20:42:10Z" finished-at="2019-03-19T20:42:11Z">
          <reporter-output>
            <line>
              <![CDATA[Chrome has quit]]>
            </line>
          </reporter-output>
        </test-method> <!-- AfterEachTest -->
        <test-method status="PASS" signature="EndBatch()[pri:0, instance:Automation.IAQ.Testing.Rates.KS.Rates_HO3@1ee807c6]" name="EndBatch" is-config="true" duration-ms="2918" started-at="2019-03-19T20:42:11Z" finished-at="2019-03-19T20:42:14Z">
          <reporter-output>
            <line>
              <![CDATA[====================================== End Rates_HO3 Batch ======================================]]>
            </line>
          </reporter-output>
        </test-method> <!-- EndBatch -->
      </class> <!-- Automation.IAQ.Testing.Rates.KS.Rates_HO3 -->
    </test> <!-- Default test -->
  </suite> <!-- Default suite -->
</testng-results>
